This file contains any messages produced by compilers while
running configure, to aid debugging if configure makes a mistake.

It was created by configure, which was
generated by GNU Autoconf 2.69.  Invocation command line was

  $ D:\/University/Functional Programming Principles/Assignments/finalproject-fpp-cabal/dist-newstyle/tmp/src-10728/unix-time-0.4.7/configure --with-compiler=ghc --prefix=C:\Users\User\AppData\Roaming\cabal\store\ghc-8.10.2\unix-time-0.4.7-2b16d763d9636527739f8f65cbe51106d3bd414a --bindir=C:\Users\User\AppData\Roaming\cabal\store\ghc-8.10.2\unix-time-0.4.7-2b16d763d9636527739f8f65cbe51106d3bd414a\bin --libdir=C:\Users\User\AppData\Roaming\cabal\store\ghc-8.10.2\unix-time-0.4.7-2b16d763d9636527739f8f65cbe51106d3bd414a\lib --libexecdir=C:\Users\User\AppData\Roaming\cabal\store\ghc-8.10.2\unix-time-0.4.7-2b16d763d9636527739f8f65cbe51106d3bd414a\libexec --datadir=C:\Users\User\AppData\Roaming\cabal\store\ghc-8.10.2\unix-time-0.4.7-2b16d763d9636527739f8f65cbe51106d3bd414a\share --sysconfdir=C:\Users\User\AppData\Roaming\cabal\store\ghc-8.10.2\unix-time-0.4.7-2b16d763d9636527739f8f65cbe51106d3bd414a\etc CC=C:\PROGRA~3\CHOCOL~1\lib\ghc\tools\GHC-81~1.2\lib\../mingw/bin\gcc.exe

## --------- ##
## Platform. ##
## --------- ##

hostname = DESKTOP-M0QPGCV
uname -m = x86_64
uname -r = 3.1.6-340.x86_64
uname -s = MSYS_NT-10.0-19041
uname -v = 2020-08-14 15:42 UTC

/usr/bin/uname -p = unknown
/bin/uname -X     = unknown

/bin/arch              = x86_64
/usr/bin/arch -k       = unknown
/usr/convex/getsysinfo = unknown
/usr/bin/hostinfo      = unknown
/bin/machine           = unknown
/usr/bin/oslevel       = unknown
/bin/universe          = unknown

PATH: /mingw64/bin
PATH: /c/Users/User/AppData/Roaming/cabal/bin
PATH: /usr/bin
PATH: /c/Users/User/AppData/Roaming/cabal/store/ghc-8.10.2/hsc2hs-0.68.7-e4a81d9ba96fae37d983877af2fc052e312fff65/bin
PATH: /c/Program Files/Common Files/Oracle/Java/javapath
PATH: /c/Program Files (x86)/Common Files/Oracle/Java/javapath
PATH: /c/Program Files (x86)/Common Files/Intel/Shared Libraries/redist/intel64/compiler
PATH: /c/Windows/system32
PATH: /c/Windows
PATH: /c/Windows/System32/Wbem
PATH: /c/Windows/System32/WindowsPowerShell/v1.0
PATH: /c/Windows/System32/OpenSSH
PATH: /c/Program Files/NVIDIA Corporation/NVIDIA NvDLISR
PATH: /c/Program Files (x86)/NVIDIA Corporation/PhysX/Common
PATH: /d/Softwares/Quicktime/QTSystem
PATH: /d/Softwares/NodeJS
PATH: /d/Softwares/puTTy
PATH: /c/ProgramData/chocolatey/bin
PATH: /d/Softwares/Git/cmd
PATH: /d/xampp/php
PATH: /c/ProgramData/ComposerSetup/bin
PATH: /c/Program Files (x86)/sbt/bin
PATH: /c/Program Files/Java/jdk1.8.0_261/bin
PATH: /c/Program Files (x86)/dotnet
PATH: /d/Softwares/Git/mingw64/bin
PATH: /c/Users/User/AppData/Local/Android/Sdk/platform-tools
PATH: /c/Users/User/AppData/Roaming/local/bin
PATH: /c/Users/User/AppData/Local/Programs/Python/Python38-32/Scripts
PATH: /c/Users/User/AppData/Local/Programs/Python/Python38-32
PATH: /c/Users/User/AppData/Local/Microsoft/WindowsApps
PATH: /c/Users/User/AppData/Local/atom/bin
PATH: /d/Softwares/JetBrains/IntelliJ IDEA 2020.1.3/bin
PATH: /c/Users/User/AppData/Roaming/npm
PATH: /d/Softwares/Microsoft VS Code/bin
PATH: /c/Users/User/AppData/Roaming/cabal/bin
PATH: /c/ProgramData/chocolatey/lib/ghc/tools/ghc-8.10.2/bin
PATH: /
PATH: /c/Users/User/AppData/Roaming/Composer/vendor/bin
PATH: /d/Packages/flutter/bin


## ----------- ##
## Core tests. ##
## ----------- ##

configure:2133: checking for gcc
configure:2160: result: C:\PROGRA~3\CHOCOL~1\lib\ghc\tools\GHC-81~1.2\lib\../mingw/bin\gcc.exe
configure:2389: checking for C compiler version
configure:2398: C:\PROGRA~3\CHOCOL~1\lib\ghc\tools\GHC-81~1.2\lib\../mingw/bin\gcc.exe --version >&5
realgcc.exe (Rev1, Built by MSYS2 project) 9.2.0
Copyright (C) 2019 Free Software Foundation, Inc.
This is free software; see the source for copying conditions.  There is NO
warranty; not even for MERCHANTABILITY or FITNESS FOR A PARTICULAR PURPOSE.

configure:2409: $? = 0
configure:2398: C:\PROGRA~3\CHOCOL~1\lib\ghc\tools\GHC-81~1.2\lib\../mingw/bin\gcc.exe -v >&5
Using built-in specs.
COLLECT_GCC=C:\\PROGRA~3\\CHOCOL~1\\lib\\ghc\\tools\\GHC-81~1.2\\mingw\\bin/realgcc.exe
COLLECT_LTO_WRAPPER=C://PROGRA~3//CHOCOL~1//lib//ghc//tools//GHC-81~1.2//mingw//bin/../lib/gcc/x86_64-w64-mingw32/9.2.0/lto-wrapper.exe
Target: x86_64-w64-mingw32
Configured with: ../gcc-9.2.0/configure --prefix=/mingw64 --with-local-prefix=/mingw64/local --build=x86_64-w64-mingw32 --host=x86_64-w64-mingw32 --target=x86_64-w64-mingw32 --with-native-system-header-dir=/mingw64/x86_64-w64-mingw32/include --libexecdir=/mingw64/lib --enable-bootstrap --with-arch=x86-64 --with-tune=generic --enable-languages=c,lto,c++,fortran,ada,objc,obj-c++ --enable-shared --enable-static --enable-libatomic --enable-threads=posix --enable-graphite --enable-fully-dynamic-string --enable-libstdcxx-filesystem-ts=yes --enable-libstdcxx-time=yes --disable-libstdcxx-pch --disable-libstdcxx-debug --disable-isl-version-check --enable-lto --enable-libgomp --disable-multilib --enable-checking=release --disable-rpath --disable-win32-registry --disable-nls --disable-werror --disable-symvers --enable-plugin --with-libiconv --with-system-zlib --with-gmp=/mingw64 --with-mpfr=/mingw64 --with-mpc=/mingw64 --with-isl=/mingw64 --with-pkgversion='Rev1, Built by MSYS2 project' --with-bugurl=https://sourceforge.net/projects/msys2 --with-gnu-as --with-gnu-ld
Thread model: posix
gcc version 9.2.0 (Rev1, Built by MSYS2 project) 
configure:2409: $? = 0
configure:2398: C:\PROGRA~3\CHOCOL~1\lib\ghc\tools\GHC-81~1.2\lib\../mingw/bin\gcc.exe -V >&5
realgcc.exe: error: unrecognized command line option '-V'
realgcc.exe: fatal error: no input files
compilation terminated.
configure:2409: $? = 1
configure:2398: C:\PROGRA~3\CHOCOL~1\lib\ghc\tools\GHC-81~1.2\lib\../mingw/bin\gcc.exe -qversion >&5
realgcc.exe: error: unrecognized command line option '-qversion'; did you mean '--version'?
realgcc.exe: fatal error: no input files
compilation terminated.
configure:2409: $? = 1
configure:2429: checking whether the C compiler works
configure:2451: C:\PROGRA~3\CHOCOL~1\lib\ghc\tools\GHC-81~1.2\lib\../mingw/bin\gcc.exe    conftest.c  >&5
configure:2455: $? = 0
configure:2503: result: yes
configure:2506: checking for C compiler default output file name
configure:2508: result: a.exe
configure:2514: checking for suffix of executables
configure:2521: C:\PROGRA~3\CHOCOL~1\lib\ghc\tools\GHC-81~1.2\lib\../mingw/bin\gcc.exe -o conftest.exe    conftest.c  >&5
configure:2525: $? = 0
configure:2547: result: .exe
configure:2569: checking whether we are cross compiling
configure:2577: C:\PROGRA~3\CHOCOL~1\lib\ghc\tools\GHC-81~1.2\lib\../mingw/bin\gcc.exe -o conftest.exe    conftest.c  >&5
configure:2581: $? = 0
configure:2588: ./conftest.exe
configure:2592: $? = 0
configure:2607: result: no
configure:2612: checking for suffix of object files
configure:2634: C:\PROGRA~3\CHOCOL~1\lib\ghc\tools\GHC-81~1.2\lib\../mingw/bin\gcc.exe -c   conftest.c >&5
configure:2638: $? = 0
configure:2659: result: o
configure:2663: checking whether we are using the GNU C compiler
configure:2682: C:\PROGRA~3\CHOCOL~1\lib\ghc\tools\GHC-81~1.2\lib\../mingw/bin\gcc.exe -c   conftest.c >&5
configure:2682: $? = 0
configure:2691: result: yes
configure:2700: checking whether C:\PROGRA~3\CHOCOL~1\lib\ghc\tools\GHC-81~1.2\lib\../mingw/bin\gcc.exe accepts -g
configure:2720: C:\PROGRA~3\CHOCOL~1\lib\ghc\tools\GHC-81~1.2\lib\../mingw/bin\gcc.exe -c -g  conftest.c >&5
configure:2720: $? = 0
configure:2761: result: yes
configure:2778: checking for C:\PROGRA~3\CHOCOL~1\lib\ghc\tools\GHC-81~1.2\lib\../mingw/bin\gcc.exe option to accept ISO C89
configure:2841: C:\PROGRA~3\CHOCOL~1\lib\ghc\tools\GHC-81~1.2\lib\../mingw/bin\gcc.exe  -c   conftest.c >&5
configure:2841: $? = 0
configure:2854: result: none needed
configure:2880: checking how to run the C preprocessor
configure:2911: C:\PROGRA~3\CHOCOL~1\lib\ghc\tools\GHC-81~1.2\lib\../mingw/bin\gcc.exe -E  conftest.c
configure:2911: $? = 0
configure:2925: C:\PROGRA~3\CHOCOL~1\lib\ghc\tools\GHC-81~1.2\lib\../mingw/bin\gcc.exe -E  conftest.c
conftest.c:9:10: fatal error: ac_nonexistent.h: No such file or directory
    9 | #include <ac_nonexistent.h>
      |          ^~~~~~~~~~~~~~~~~~
compilation terminated.
configure:2925: $? = 1
configure: failed program was:
| /* confdefs.h */
| #define PACKAGE_NAME ""
| #define PACKAGE_TARNAME ""
| #define PACKAGE_VERSION ""
| #define PACKAGE_STRING ""
| #define PACKAGE_BUGREPORT ""
| #define PACKAGE_URL ""
| /* end confdefs.h.  */
| #include <ac_nonexistent.h>
configure:2950: result: C:\PROGRA~3\CHOCOL~1\lib\ghc\tools\GHC-81~1.2\lib\../mingw/bin\gcc.exe -E
configure:2970: C:\PROGRA~3\CHOCOL~1\lib\ghc\tools\GHC-81~1.2\lib\../mingw/bin\gcc.exe -E  conftest.c
configure:2970: $? = 0
configure:2984: C:\PROGRA~3\CHOCOL~1\lib\ghc\tools\GHC-81~1.2\lib\../mingw/bin\gcc.exe -E  conftest.c
conftest.c:9:10: fatal error: ac_nonexistent.h: No such file or directory
    9 | #include <ac_nonexistent.h>
      |          ^~~~~~~~~~~~~~~~~~
compilation terminated.
configure:2984: $? = 1
configure: failed program was:
| /* confdefs.h */
| #define PACKAGE_NAME ""
| #define PACKAGE_TARNAME ""
| #define PACKAGE_VERSION ""
| #define PACKAGE_STRING ""
| #define PACKAGE_BUGREPORT ""
| #define PACKAGE_URL ""
| /* end confdefs.h.  */
| #include <ac_nonexistent.h>
configure:3013: checking for grep that handles long lines and -e
configure:3071: result: /usr/bin/grep
configure:3076: checking for egrep
configure:3138: result: /usr/bin/grep -E
configure:3143: checking for ANSI C header files
configure:3163: C:\PROGRA~3\CHOCOL~1\lib\ghc\tools\GHC-81~1.2\lib\../mingw/bin\gcc.exe -c   conftest.c >&5
configure:3163: $? = 0
configure:3236: C:\PROGRA~3\CHOCOL~1\lib\ghc\tools\GHC-81~1.2\lib\../mingw/bin\gcc.exe -o conftest.exe    conftest.c  >&5
configure:3236: $? = 0
configure:3236: ./conftest.exe
configure:3236: $? = 0
configure:3247: result: yes
configure:3260: checking for sys/types.h
configure:3260: C:\PROGRA~3\CHOCOL~1\lib\ghc\tools\GHC-81~1.2\lib\../mingw/bin\gcc.exe -c   conftest.c >&5
configure:3260: $? = 0
configure:3260: result: yes
configure:3260: checking for sys/stat.h
configure:3260: C:\PROGRA~3\CHOCOL~1\lib\ghc\tools\GHC-81~1.2\lib\../mingw/bin\gcc.exe -c   conftest.c >&5
configure:3260: $? = 0
configure:3260: result: yes
configure:3260: checking for stdlib.h
configure:3260: C:\PROGRA~3\CHOCOL~1\lib\ghc\tools\GHC-81~1.2\lib\../mingw/bin\gcc.exe -c   conftest.c >&5
configure:3260: $? = 0
configure:3260: result: yes
configure:3260: checking for string.h
configure:3260: C:\PROGRA~3\CHOCOL~1\lib\ghc\tools\GHC-81~1.2\lib\../mingw/bin\gcc.exe -c   conftest.c >&5
configure:3260: $? = 0
configure:3260: result: yes
configure:3260: checking for memory.h
configure:3260: C:\PROGRA~3\CHOCOL~1\lib\ghc\tools\GHC-81~1.2\lib\../mingw/bin\gcc.exe -c   conftest.c >&5
configure:3260: $? = 0
configure:3260: result: yes
configure:3260: checking for strings.h
configure:3260: C:\PROGRA~3\CHOCOL~1\lib\ghc\tools\GHC-81~1.2\lib\../mingw/bin\gcc.exe -c   conftest.c >&5
configure:3260: $? = 0
configure:3260: result: yes
configure:3260: checking for inttypes.h
configure:3260: C:\PROGRA~3\CHOCOL~1\lib\ghc\tools\GHC-81~1.2\lib\../mingw/bin\gcc.exe -c   conftest.c >&5
configure:3260: $? = 0
configure:3260: result: yes
configure:3260: checking for stdint.h
configure:3260: C:\PROGRA~3\CHOCOL~1\lib\ghc\tools\GHC-81~1.2\lib\../mingw/bin\gcc.exe -c   conftest.c >&5
configure:3260: $? = 0
configure:3260: result: yes
configure:3260: checking for unistd.h
configure:3260: C:\PROGRA~3\CHOCOL~1\lib\ghc\tools\GHC-81~1.2\lib\../mingw/bin\gcc.exe -c   conftest.c >&5
configure:3260: $? = 0
configure:3260: result: yes
configure:3274: checking xlocale.h usability
configure:3274: C:\PROGRA~3\CHOCOL~1\lib\ghc\tools\GHC-81~1.2\lib\../mingw/bin\gcc.exe -c   conftest.c >&5
conftest.c:52:10: fatal error: xlocale.h: No such file or directory
   52 | #include <xlocale.h>
      |          ^~~~~~~~~~~
compilation terminated.
configure:3274: $? = 1
configure: failed program was:
| /* confdefs.h */
| #define PACKAGE_NAME ""
| #define PACKAGE_TARNAME ""
| #define PACKAGE_VERSION ""
| #define PACKAGE_STRING ""
| #define PACKAGE_BUGREPORT ""
| #define PACKAGE_URL ""
| #define STDC_HEADERS 1
| #define HAVE_SYS_TYPES_H 1
| #define HAVE_SYS_STAT_H 1
| #define HAVE_STDLIB_H 1
| #define HAVE_STRING_H 1
| #define HAVE_MEMORY_H 1
| #define HAVE_STRINGS_H 1
| #define HAVE_INTTYPES_H 1
| #define HAVE_STDINT_H 1
| #define HAVE_UNISTD_H 1
| /* end confdefs.h.  */
| #include <stdio.h>
| #ifdef HAVE_SYS_TYPES_H
| # include <sys/types.h>
| #endif
| #ifdef HAVE_SYS_STAT_H
| # include <sys/stat.h>
| #endif
| #ifdef STDC_HEADERS
| # include <stdlib.h>
| # include <stddef.h>
| #else
| # ifdef HAVE_STDLIB_H
| #  include <stdlib.h>
| # endif
| #endif
| #ifdef HAVE_STRING_H
| # if !defined STDC_HEADERS && defined HAVE_MEMORY_H
| #  include <memory.h>
| # endif
| # include <string.h>
| #endif
| #ifdef HAVE_STRINGS_H
| # include <strings.h>
| #endif
| #ifdef HAVE_INTTYPES_H
| # include <inttypes.h>
| #endif
| #ifdef HAVE_STDINT_H
| # include <stdint.h>
| #endif
| #ifdef HAVE_UNISTD_H
| # include <unistd.h>
| #endif
| #include <xlocale.h>
configure:3274: result: no
configure:3274: checking xlocale.h presence
configure:3274: C:\PROGRA~3\CHOCOL~1\lib\ghc\tools\GHC-81~1.2\lib\../mingw/bin\gcc.exe -E  conftest.c
conftest.c:19:10: fatal error: xlocale.h: No such file or directory
   19 | #include <xlocale.h>
      |          ^~~~~~~~~~~
compilation terminated.
configure:3274: $? = 1
configure: failed program was:
| /* confdefs.h */
| #define PACKAGE_NAME ""
| #define PACKAGE_TARNAME ""
| #define PACKAGE_VERSION ""
| #define PACKAGE_STRING ""
| #define PACKAGE_BUGREPORT ""
| #define PACKAGE_URL ""
| #define STDC_HEADERS 1
| #define HAVE_SYS_TYPES_H 1
| #define HAVE_SYS_STAT_H 1
| #define HAVE_STDLIB_H 1
| #define HAVE_STRING_H 1
| #define HAVE_MEMORY_H 1
| #define HAVE_STRINGS_H 1
| #define HAVE_INTTYPES_H 1
| #define HAVE_STDINT_H 1
| #define HAVE_UNISTD_H 1
| /* end confdefs.h.  */
| #include <xlocale.h>
configure:3274: result: no
configure:3274: checking for xlocale.h
configure:3274: result: no
configure:3287: checking for strptime_l
configure:3287: C:\PROGRA~3\CHOCOL~1\lib\ghc\tools\GHC-81~1.2\lib\../mingw/bin\gcc.exe -o conftest.exe    conftest.c  >&5
C://PROGRA~3//CHOCOL~1//lib//ghc//tools//GHC-81~1.2//mingw//bin/ld.exe: C:\Users\User\AppData\Local\Temp\ccmQ4nsf.o:conftest.c:(.text+0xe): undefined reference to `strptime_l'
collect2.exe: error: ld returned 1 exit status
configure:3287: $? = 1
configure: failed program was:
| /* confdefs.h */
| #define PACKAGE_NAME ""
| #define PACKAGE_TARNAME ""
| #define PACKAGE_VERSION ""
| #define PACKAGE_STRING ""
| #define PACKAGE_BUGREPORT ""
| #define PACKAGE_URL ""
| #define STDC_HEADERS 1
| #define HAVE_SYS_TYPES_H 1
| #define HAVE_SYS_STAT_H 1
| #define HAVE_STDLIB_H 1
| #define HAVE_STRING_H 1
| #define HAVE_MEMORY_H 1
| #define HAVE_STRINGS_H 1
| #define HAVE_INTTYPES_H 1
| #define HAVE_STDINT_H 1
| #define HAVE_UNISTD_H 1
| /* end confdefs.h.  */
| /* Define strptime_l to an innocuous variant, in case <limits.h> declares strptime_l.
|    For example, HP-UX 11i <limits.h> declares gettimeofday.  */
| #define strptime_l innocuous_strptime_l
| 
| /* System header to define __stub macros and hopefully few prototypes,
|     which can conflict with char strptime_l (); below.
|     Prefer <limits.h> to <assert.h> if __STDC__ is defined, since
|     <limits.h> exists even on freestanding compilers.  */
| 
| #ifdef __STDC__
| # include <limits.h>
| #else
| # include <assert.h>
| #endif
| 
| #undef strptime_l
| 
| /* Override any GCC internal prototype to avoid an error.
|    Use char because int might match the return type of a GCC
|    builtin and then its argument prototype would still apply.  */
| #ifdef __cplusplus
| extern "C"
| #endif
| char strptime_l ();
| /* The GNU C library defines this for functions which it implements
|     to always fail with ENOSYS.  Some functions are actually named
|     something starting with __ and the normal name is an alias.  */
| #if defined __stub_strptime_l || defined __stub___strptime_l
| choke me
| #endif
| 
| int
| main ()
| {
| return strptime_l ();
|   ;
|   return 0;
| }
configure:3287: result: no
configure:3298: checking for timegm
configure:3298: C:\PROGRA~3\CHOCOL~1\lib\ghc\tools\GHC-81~1.2\lib\../mingw/bin\gcc.exe -o conftest.exe    conftest.c  >&5
C://PROGRA~3//CHOCOL~1//lib//ghc//tools//GHC-81~1.2//mingw//bin/ld.exe: C:\Users\User\AppData\Local\Temp\ccMkGJAs.o:conftest.c:(.text+0xe): undefined reference to `timegm'
collect2.exe: error: ld returned 1 exit status
configure:3298: $? = 1
configure: failed program was:
| /* confdefs.h */
| #define PACKAGE_NAME ""
| #define PACKAGE_TARNAME ""
| #define PACKAGE_VERSION ""
| #define PACKAGE_STRING ""
| #define PACKAGE_BUGREPORT ""
| #define PACKAGE_URL ""
| #define STDC_HEADERS 1
| #define HAVE_SYS_TYPES_H 1
| #define HAVE_SYS_STAT_H 1
| #define HAVE_STDLIB_H 1
| #define HAVE_STRING_H 1
| #define HAVE_MEMORY_H 1
| #define HAVE_STRINGS_H 1
| #define HAVE_INTTYPES_H 1
| #define HAVE_STDINT_H 1
| #define HAVE_UNISTD_H 1
| /* end confdefs.h.  */
| /* Define timegm to an innocuous variant, in case <limits.h> declares timegm.
|    For example, HP-UX 11i <limits.h> declares gettimeofday.  */
| #define timegm innocuous_timegm
| 
| /* System header to define __stub macros and hopefully few prototypes,
|     which can conflict with char timegm (); below.
|     Prefer <limits.h> to <assert.h> if __STDC__ is defined, since
|     <limits.h> exists even on freestanding compilers.  */
| 
| #ifdef __STDC__
| # include <limits.h>
| #else
| # include <assert.h>
| #endif
| 
| #undef timegm
| 
| /* Override any GCC internal prototype to avoid an error.
|    Use char because int might match the return type of a GCC
|    builtin and then its argument prototype would still apply.  */
| #ifdef __cplusplus
| extern "C"
| #endif
| char timegm ();
| /* The GNU C library defines this for functions which it implements
|     to always fail with ENOSYS.  Some functions are actually named
|     something starting with __ and the normal name is an alias.  */
| #if defined __stub_timegm || defined __stub___timegm
| choke me
| #endif
| 
| int
| main ()
| {
| return timegm ();
|   ;
|   return 0;
| }
configure:3298: result: no
configure:3309: checking for _mkgmtime
configure:3309: C:\PROGRA~3\CHOCOL~1\lib\ghc\tools\GHC-81~1.2\lib\../mingw/bin\gcc.exe -o conftest.exe    conftest.c  >&5
configure:3309: $? = 0
configure:3309: result: yes
configure:3320: checking for _get_current_locale
configure:3320: C:\PROGRA~3\CHOCOL~1\lib\ghc\tools\GHC-81~1.2\lib\../mingw/bin\gcc.exe -o conftest.exe    conftest.c  >&5
configure:3320: $? = 0
configure:3320: result: yes
configure:3331: checking for _create_locale
configure:3331: C:\PROGRA~3\CHOCOL~1\lib\ghc\tools\GHC-81~1.2\lib\../mingw/bin\gcc.exe -o conftest.exe    conftest.c  >&5
configure:3331: $? = 0
configure:3331: result: yes
configure:3342: checking for strtol_l
configure:3342: C:\PROGRA~3\CHOCOL~1\lib\ghc\tools\GHC-81~1.2\lib\../mingw/bin\gcc.exe -o conftest.exe    conftest.c  >&5
C://PROGRA~3//CHOCOL~1//lib//ghc//tools//GHC-81~1.2//mingw//bin/ld.exe: C:\Users\User\AppData\Local\Temp\ccWP0kra.o:conftest.c:(.text+0xe): undefined reference to `strtol_l'
collect2.exe: error: ld returned 1 exit status
configure:3342: $? = 1
configure: failed program was:
| /* confdefs.h */
| #define PACKAGE_NAME ""
| #define PACKAGE_TARNAME ""
| #define PACKAGE_VERSION ""
| #define PACKAGE_STRING ""
| #define PACKAGE_BUGREPORT ""
| #define PACKAGE_URL ""
| #define STDC_HEADERS 1
| #define HAVE_SYS_TYPES_H 1
| #define HAVE_SYS_STAT_H 1
| #define HAVE_STDLIB_H 1
| #define HAVE_STRING_H 1
| #define HAVE_MEMORY_H 1
| #define HAVE_STRINGS_H 1
| #define HAVE_INTTYPES_H 1
| #define HAVE_STDINT_H 1
| #define HAVE_UNISTD_H 1
| #define HAVE__MKGMTIME 1
| #define HAVE__GET_CURRENT_LOCALE 1
| #define HAVE__CREATE_LOCALE 1
| /* end confdefs.h.  */
| /* Define strtol_l to an innocuous variant, in case <limits.h> declares strtol_l.
|    For example, HP-UX 11i <limits.h> declares gettimeofday.  */
| #define strtol_l innocuous_strtol_l
| 
| /* System header to define __stub macros and hopefully few prototypes,
|     which can conflict with char strtol_l (); below.
|     Prefer <limits.h> to <assert.h> if __STDC__ is defined, since
|     <limits.h> exists even on freestanding compilers.  */
| 
| #ifdef __STDC__
| # include <limits.h>
| #else
| # include <assert.h>
| #endif
| 
| #undef strtol_l
| 
| /* Override any GCC internal prototype to avoid an error.
|    Use char because int might match the return type of a GCC
|    builtin and then its argument prototype would still apply.  */
| #ifdef __cplusplus
| extern "C"
| #endif
| char strtol_l ();
| /* The GNU C library defines this for functions which it implements
|     to always fail with ENOSYS.  Some functions are actually named
|     something starting with __ and the normal name is an alias.  */
| #if defined __stub_strtol_l || defined __stub___strtol_l
| choke me
| #endif
| 
| int
| main ()
| {
| return strtol_l ();
|   ;
|   return 0;
| }
configure:3342: result: no
configure:3353: checking for strtoll_l
configure:3353: C:\PROGRA~3\CHOCOL~1\lib\ghc\tools\GHC-81~1.2\lib\../mingw/bin\gcc.exe -o conftest.exe    conftest.c  >&5
C://PROGRA~3//CHOCOL~1//lib//ghc//tools//GHC-81~1.2//mingw//bin/ld.exe: C:\Users\User\AppData\Local\Temp\ccIn4OVp.o:conftest.c:(.text+0xe): undefined reference to `strtoll_l'
collect2.exe: error: ld returned 1 exit status
configure:3353: $? = 1
configure: failed program was:
| /* confdefs.h */
| #define PACKAGE_NAME ""
| #define PACKAGE_TARNAME ""
| #define PACKAGE_VERSION ""
| #define PACKAGE_STRING ""
| #define PACKAGE_BUGREPORT ""
| #define PACKAGE_URL ""
| #define STDC_HEADERS 1
| #define HAVE_SYS_TYPES_H 1
| #define HAVE_SYS_STAT_H 1
| #define HAVE_STDLIB_H 1
| #define HAVE_STRING_H 1
| #define HAVE_MEMORY_H 1
| #define HAVE_STRINGS_H 1
| #define HAVE_INTTYPES_H 1
| #define HAVE_STDINT_H 1
| #define HAVE_UNISTD_H 1
| #define HAVE__MKGMTIME 1
| #define HAVE__GET_CURRENT_LOCALE 1
| #define HAVE__CREATE_LOCALE 1
| /* end confdefs.h.  */
| /* Define strtoll_l to an innocuous variant, in case <limits.h> declares strtoll_l.
|    For example, HP-UX 11i <limits.h> declares gettimeofday.  */
| #define strtoll_l innocuous_strtoll_l
| 
| /* System header to define __stub macros and hopefully few prototypes,
|     which can conflict with char strtoll_l (); below.
|     Prefer <limits.h> to <assert.h> if __STDC__ is defined, since
|     <limits.h> exists even on freestanding compilers.  */
| 
| #ifdef __STDC__
| # include <limits.h>
| #else
| # include <assert.h>
| #endif
| 
| #undef strtoll_l
| 
| /* Override any GCC internal prototype to avoid an error.
|    Use char because int might match the return type of a GCC
|    builtin and then its argument prototype would still apply.  */
| #ifdef __cplusplus
| extern "C"
| #endif
| char strtoll_l ();
| /* The GNU C library defines this for functions which it implements
|     to always fail with ENOSYS.  Some functions are actually named
|     something starting with __ and the normal name is an alias.  */
| #if defined __stub_strtoll_l || defined __stub___strtoll_l
| choke me
| #endif
| 
| int
| main ()
| {
| return strtoll_l ();
|   ;
|   return 0;
| }
configure:3353: result: no
configure:3364: checking for _isspace_l
configure:3364: C:\PROGRA~3\CHOCOL~1\lib\ghc\tools\GHC-81~1.2\lib\../mingw/bin\gcc.exe -o conftest.exe    conftest.c  >&5
configure:3364: $? = 0
configure:3364: result: yes
configure:3375: checking for _isupper_l
configure:3375: C:\PROGRA~3\CHOCOL~1\lib\ghc\tools\GHC-81~1.2\lib\../mingw/bin\gcc.exe -o conftest.exe    conftest.c  >&5
configure:3375: $? = 0
configure:3375: result: yes
configure:3386: checking for _isdigit_l
configure:3386: C:\PROGRA~3\CHOCOL~1\lib\ghc\tools\GHC-81~1.2\lib\../mingw/bin\gcc.exe -o conftest.exe    conftest.c  >&5
configure:3386: $? = 0
configure:3386: result: yes
configure:3397: checking for _isblank_l
configure:3397: C:\PROGRA~3\CHOCOL~1\lib\ghc\tools\GHC-81~1.2\lib\../mingw/bin\gcc.exe -o conftest.exe    conftest.c  >&5
C://PROGRA~3//CHOCOL~1//lib//ghc//tools//GHC-81~1.2//mingw//bin/ld.exe: C:\Users\User\AppData\Local\Temp\ccMRxNXh.o:conftest.c:(.text+0xe): undefined reference to `_isblank_l'
collect2.exe: error: ld returned 1 exit status
configure:3397: $? = 1
configure: failed program was:
| /* confdefs.h */
| #define PACKAGE_NAME ""
| #define PACKAGE_TARNAME ""
| #define PACKAGE_VERSION ""
| #define PACKAGE_STRING ""
| #define PACKAGE_BUGREPORT ""
| #define PACKAGE_URL ""
| #define STDC_HEADERS 1
| #define HAVE_SYS_TYPES_H 1
| #define HAVE_SYS_STAT_H 1
| #define HAVE_STDLIB_H 1
| #define HAVE_STRING_H 1
| #define HAVE_MEMORY_H 1
| #define HAVE_STRINGS_H 1
| #define HAVE_INTTYPES_H 1
| #define HAVE_STDINT_H 1
| #define HAVE_UNISTD_H 1
| #define HAVE__MKGMTIME 1
| #define HAVE__GET_CURRENT_LOCALE 1
| #define HAVE__CREATE_LOCALE 1
| #define HAVE__ISSPACE_L 1
| #define HAVE__ISUPPER_L 1
| #define HAVE__ISDIGIT_L 1
| /* end confdefs.h.  */
| /* Define _isblank_l to an innocuous variant, in case <limits.h> declares _isblank_l.
|    For example, HP-UX 11i <limits.h> declares gettimeofday.  */
| #define _isblank_l innocuous__isblank_l
| 
| /* System header to define __stub macros and hopefully few prototypes,
|     which can conflict with char _isblank_l (); below.
|     Prefer <limits.h> to <assert.h> if __STDC__ is defined, since
|     <limits.h> exists even on freestanding compilers.  */
| 
| #ifdef __STDC__
| # include <limits.h>
| #else
| # include <assert.h>
| #endif
| 
| #undef _isblank_l
| 
| /* Override any GCC internal prototype to avoid an error.
|    Use char because int might match the return type of a GCC
|    builtin and then its argument prototype would still apply.  */
| #ifdef __cplusplus
| extern "C"
| #endif
| char _isblank_l ();
| /* The GNU C library defines this for functions which it implements
|     to always fail with ENOSYS.  Some functions are actually named
|     something starting with __ and the normal name is an alias.  */
| #if defined __stub__isblank_l || defined __stub____isblank_l
| choke me
| #endif
| 
| int
| main ()
| {
| return _isblank_l ();
|   ;
|   return 0;
| }
configure:3397: result: no
configure:3552: creating ./config.status

## ---------------------- ##
## Running config.status. ##
## ---------------------- ##

This file was extended by config.status, which was
generated by GNU Autoconf 2.69.  Invocation command line was

  CONFIG_FILES    = 
  CONFIG_HEADERS  = 
  CONFIG_LINKS    = 
  CONFIG_COMMANDS = 
  $ ./config.status 

on DESKTOP-M0QPGCV

config.status:682: creating cbits/config.h

## ---------------- ##
## Cache variables. ##
## ---------------- ##

ac_cv_c_compiler_gnu=yes
ac_cv_env_CC_set=set
ac_cv_env_CC_value='C:\PROGRA~3\CHOCOL~1\lib\ghc\tools\GHC-81~1.2\lib\../mingw/bin\gcc.exe'
ac_cv_env_CFLAGS_set=set
ac_cv_env_CFLAGS_value=
ac_cv_env_CPPFLAGS_set=
ac_cv_env_CPPFLAGS_value=
ac_cv_env_CPP_set=
ac_cv_env_CPP_value=
ac_cv_env_LDFLAGS_set=
ac_cv_env_LDFLAGS_value=
ac_cv_env_LIBS_set=
ac_cv_env_LIBS_value=
ac_cv_env_build_alias_set=
ac_cv_env_build_alias_value=
ac_cv_env_host_alias_set=
ac_cv_env_host_alias_value=
ac_cv_env_target_alias_set=
ac_cv_env_target_alias_value=
ac_cv_exeext=.exe
ac_cv_func__create_locale=yes
ac_cv_func__get_current_locale=yes
ac_cv_func__isblank_l=no
ac_cv_func__isdigit_l=yes
ac_cv_func__isspace_l=yes
ac_cv_func__isupper_l=yes
ac_cv_func__mkgmtime=yes
ac_cv_func_strptime_l=no
ac_cv_func_strtol_l=no
ac_cv_func_strtoll_l=no
ac_cv_func_timegm=no
ac_cv_header_inttypes_h=yes
ac_cv_header_memory_h=yes
ac_cv_header_stdc=yes
ac_cv_header_stdint_h=yes
ac_cv_header_stdlib_h=yes
ac_cv_header_string_h=yes
ac_cv_header_strings_h=yes
ac_cv_header_sys_stat_h=yes
ac_cv_header_sys_types_h=yes
ac_cv_header_unistd_h=yes
ac_cv_header_xlocale_h=no
ac_cv_objext=o
ac_cv_path_EGREP='/usr/bin/grep -E'
ac_cv_path_GREP=/usr/bin/grep
ac_cv_prog_CPP='C:\PROGRA~3\CHOCOL~1\lib\ghc\tools\GHC-81~1.2\lib\../mingw/bin\gcc.exe -E'
ac_cv_prog_ac_ct_CC='C:\PROGRA~3\CHOCOL~1\lib\ghc\tools\GHC-81~1.2\lib\../mingw/bin\gcc.exe'
ac_cv_prog_cc_c89=
ac_cv_prog_cc_g=yes

## ----------------- ##
## Output variables. ##
## ----------------- ##

CC='C:\PROGRA~3\CHOCOL~1\lib\ghc\tools\GHC-81~1.2\lib\../mingw/bin\gcc.exe'
CFLAGS=''
CPP='C:\PROGRA~3\CHOCOL~1\lib\ghc\tools\GHC-81~1.2\lib\../mingw/bin\gcc.exe -E'
CPPFLAGS=''
DEFS='-DHAVE_CONFIG_H'
ECHO_C=''
ECHO_N='-n'
ECHO_T=''
EGREP='/usr/bin/grep -E'
EXEEXT='.exe'
GREP='/usr/bin/grep'
LDFLAGS=''
LIBOBJS=''
LIBS=''
LTLIBOBJS=''
OBJEXT='o'
PACKAGE_BUGREPORT=''
PACKAGE_NAME=''
PACKAGE_STRING=''
PACKAGE_TARNAME=''
PACKAGE_URL=''
PACKAGE_VERSION=''
PATH_SEPARATOR=':'
SHELL='/bin/sh'
ac_ct_CC='C:\PROGRA~3\CHOCOL~1\lib\ghc\tools\GHC-81~1.2\lib\../mingw/bin\gcc.exe'
bindir='C:\Users\User\AppData\Roaming\cabal\store\ghc-8.10.2\unix-time-0.4.7-2b16d763d9636527739f8f65cbe51106d3bd414a\bin'
build_alias=''
datadir='C:\Users\User\AppData\Roaming\cabal\store\ghc-8.10.2\unix-time-0.4.7-2b16d763d9636527739f8f65cbe51106d3bd414a\share'
datarootdir='${prefix}/share'
docdir='${datarootdir}/doc/${PACKAGE}'
dvidir='${docdir}'
exec_prefix='${prefix}'
host_alias=''
htmldir='${docdir}'
includedir='${prefix}/include'
infodir='${datarootdir}/info'
libdir='C:\Users\User\AppData\Roaming\cabal\store\ghc-8.10.2\unix-time-0.4.7-2b16d763d9636527739f8f65cbe51106d3bd414a\lib'
libexecdir='C:\Users\User\AppData\Roaming\cabal\store\ghc-8.10.2\unix-time-0.4.7-2b16d763d9636527739f8f65cbe51106d3bd414a\libexec'
localedir='${datarootdir}/locale'
localstatedir='${prefix}/var'
mandir='${datarootdir}/man'
oldincludedir='/usr/include'
pdfdir='${docdir}'
prefix='C:\Users\User\AppData\Roaming\cabal\store\ghc-8.10.2\unix-time-0.4.7-2b16d763d9636527739f8f65cbe51106d3bd414a'
program_transform_name='s,x,x,'
psdir='${docdir}'
sbindir='${exec_prefix}/sbin'
sharedstatedir='${prefix}/com'
sysconfdir='C:\Users\User\AppData\Roaming\cabal\store\ghc-8.10.2\unix-time-0.4.7-2b16d763d9636527739f8f65cbe51106d3bd414a\etc'
target_alias=''

## ----------- ##
## confdefs.h. ##
## ----------- ##

/* confdefs.h */
#define PACKAGE_NAME ""
#define PACKAGE_TARNAME ""
#define PACKAGE_VERSION ""
#define PACKAGE_STRING ""
#define PACKAGE_BUGREPORT ""
#define PACKAGE_URL ""
#define STDC_HEADERS 1
#define HAVE_SYS_TYPES_H 1
#define HAVE_SYS_STAT_H 1
#define HAVE_STDLIB_H 1
#define HAVE_STRING_H 1
#define HAVE_MEMORY_H 1
#define HAVE_STRINGS_H 1
#define HAVE_INTTYPES_H 1
#define HAVE_STDINT_H 1
#define HAVE_UNISTD_H 1
#define HAVE__MKGMTIME 1
#define HAVE__GET_CURRENT_LOCALE 1
#define HAVE__CREATE_LOCALE 1
#define HAVE__ISSPACE_L 1
#define HAVE__ISUPPER_L 1
#define HAVE__ISDIGIT_L 1
#define IS_LINUX 0
#define IS_NT61 0

configure: exit 0
