This file contains any messages produced by compilers while
running configure, to aid debugging if configure makes a mistake.

It was created by Haskell network package configure 3.1.1.0, which was
generated by GNU Autoconf 2.69.  Invocation command line was

  $ D:\/University/Functional Programming Principles/Assignments/finalproject-fpp-cabal/dist-newstyle/tmp/src-10736/network-3.1.2.1/configure --with-compiler=ghc --prefix=C:\Users\User\AppData\Roaming\cabal\store\ghc-8.10.2\network-3.1.2.1-ed550801f756584d61c67c3b8908d4885a86220b --bindir=C:\Users\User\AppData\Roaming\cabal\store\ghc-8.10.2\network-3.1.2.1-ed550801f756584d61c67c3b8908d4885a86220b\bin --libdir=C:\Users\User\AppData\Roaming\cabal\store\ghc-8.10.2\network-3.1.2.1-ed550801f756584d61c67c3b8908d4885a86220b\lib --libexecdir=C:\Users\User\AppData\Roaming\cabal\store\ghc-8.10.2\network-3.1.2.1-ed550801f756584d61c67c3b8908d4885a86220b\libexec --datadir=C:\Users\User\AppData\Roaming\cabal\store\ghc-8.10.2\network-3.1.2.1-ed550801f756584d61c67c3b8908d4885a86220b\share --sysconfdir=C:\Users\User\AppData\Roaming\cabal\store\ghc-8.10.2\network-3.1.2.1-ed550801f756584d61c67c3b8908d4885a86220b\etc CC=C:\PROGRA~3\CHOCOL~1\lib\ghc\tools\GHC-81~1.2\lib\../mingw/bin\gcc.exe

## --------- ##
## Platform. ##
## --------- ##

hostname = DESKTOP-M0QPGCV
uname -m = x86_64
uname -r = 3.1.6-340.x86_64
uname -s = MSYS_NT-10.0-19041
uname -v = 2020-08-14 15:42 UTC

/usr/bin/uname -p = unknown
/bin/uname -X     = unknown

/bin/arch              = x86_64
/usr/bin/arch -k       = unknown
/usr/convex/getsysinfo = unknown
/usr/bin/hostinfo      = unknown
/bin/machine           = unknown
/usr/bin/oslevel       = unknown
/bin/universe          = unknown

PATH: /mingw64/bin
PATH: /c/Users/User/AppData/Roaming/cabal/bin
PATH: /usr/bin
PATH: /c/Users/User/AppData/Roaming/cabal/store/ghc-8.10.2/hsc2hs-0.68.7-e4a81d9ba96fae37d983877af2fc052e312fff65/bin
PATH: /c/Program Files/Common Files/Oracle/Java/javapath
PATH: /c/Program Files (x86)/Common Files/Oracle/Java/javapath
PATH: /c/Program Files (x86)/Common Files/Intel/Shared Libraries/redist/intel64/compiler
PATH: /c/Windows/system32
PATH: /c/Windows
PATH: /c/Windows/System32/Wbem
PATH: /c/Windows/System32/WindowsPowerShell/v1.0
PATH: /c/Windows/System32/OpenSSH
PATH: /c/Program Files/NVIDIA Corporation/NVIDIA NvDLISR
PATH: /c/Program Files (x86)/NVIDIA Corporation/PhysX/Common
PATH: /d/Softwares/Quicktime/QTSystem
PATH: /d/Softwares/NodeJS
PATH: /d/Softwares/puTTy
PATH: /c/ProgramData/chocolatey/bin
PATH: /d/Softwares/Git/cmd
PATH: /d/xampp/php
PATH: /c/ProgramData/ComposerSetup/bin
PATH: /c/Program Files (x86)/sbt/bin
PATH: /c/Program Files/Java/jdk1.8.0_261/bin
PATH: /c/Program Files (x86)/dotnet
PATH: /d/Softwares/Git/mingw64/bin
PATH: /c/Users/User/AppData/Local/Android/Sdk/platform-tools
PATH: /c/Users/User/AppData/Roaming/local/bin
PATH: /c/Users/User/AppData/Local/Programs/Python/Python38-32/Scripts
PATH: /c/Users/User/AppData/Local/Programs/Python/Python38-32
PATH: /c/Users/User/AppData/Local/Microsoft/WindowsApps
PATH: /c/Users/User/AppData/Local/atom/bin
PATH: /d/Softwares/JetBrains/IntelliJ IDEA 2020.1.3/bin
PATH: /c/Users/User/AppData/Roaming/npm
PATH: /d/Softwares/Microsoft VS Code/bin
PATH: /c/Users/User/AppData/Roaming/cabal/bin
PATH: /c/ProgramData/chocolatey/lib/ghc/tools/ghc-8.10.2/bin
PATH: /
PATH: /c/Users/User/AppData/Roaming/Composer/vendor/bin
PATH: /d/Packages/flutter/bin


## ----------- ##
## Core tests. ##
## ----------- ##

configure:2353: checking build system type
configure:2367: result: x86_64-pc-msys
configure:2387: checking host system type
configure:2400: result: x86_64-pc-msys
configure:2475: checking for gcc
configure:2502: result: C:\PROGRA~3\CHOCOL~1\lib\ghc\tools\GHC-81~1.2\lib\../mingw/bin\gcc.exe
configure:2731: checking for C compiler version
configure:2740: C:\PROGRA~3\CHOCOL~1\lib\ghc\tools\GHC-81~1.2\lib\../mingw/bin\gcc.exe --version >&5
realgcc.exe (Rev1, Built by MSYS2 project) 9.2.0
Copyright (C) 2019 Free Software Foundation, Inc.
This is free software; see the source for copying conditions.  There is NO
warranty; not even for MERCHANTABILITY or FITNESS FOR A PARTICULAR PURPOSE.

configure:2751: $? = 0
configure:2740: C:\PROGRA~3\CHOCOL~1\lib\ghc\tools\GHC-81~1.2\lib\../mingw/bin\gcc.exe -v >&5
Using built-in specs.
COLLECT_GCC=C:\\PROGRA~3\\CHOCOL~1\\lib\\ghc\\tools\\GHC-81~1.2\\mingw\\bin/realgcc.exe
COLLECT_LTO_WRAPPER=C://PROGRA~3//CHOCOL~1//lib//ghc//tools//GHC-81~1.2//mingw//bin/../lib/gcc/x86_64-w64-mingw32/9.2.0/lto-wrapper.exe
Target: x86_64-w64-mingw32
Configured with: ../gcc-9.2.0/configure --prefix=/mingw64 --with-local-prefix=/mingw64/local --build=x86_64-w64-mingw32 --host=x86_64-w64-mingw32 --target=x86_64-w64-mingw32 --with-native-system-header-dir=/mingw64/x86_64-w64-mingw32/include --libexecdir=/mingw64/lib --enable-bootstrap --with-arch=x86-64 --with-tune=generic --enable-languages=c,lto,c++,fortran,ada,objc,obj-c++ --enable-shared --enable-static --enable-libatomic --enable-threads=posix --enable-graphite --enable-fully-dynamic-string --enable-libstdcxx-filesystem-ts=yes --enable-libstdcxx-time=yes --disable-libstdcxx-pch --disable-libstdcxx-debug --disable-isl-version-check --enable-lto --enable-libgomp --disable-multilib --enable-checking=release --disable-rpath --disable-win32-registry --disable-nls --disable-werror --disable-symvers --enable-plugin --with-libiconv --with-system-zlib --with-gmp=/mingw64 --with-mpfr=/mingw64 --with-mpc=/mingw64 --with-isl=/mingw64 --with-pkgversion='Rev1, Built by MSYS2 project' --with-bugurl=https://sourceforge.net/projects/msys2 --with-gnu-as --with-gnu-ld
Thread model: posix
gcc version 9.2.0 (Rev1, Built by MSYS2 project) 
configure:2751: $? = 0
configure:2740: C:\PROGRA~3\CHOCOL~1\lib\ghc\tools\GHC-81~1.2\lib\../mingw/bin\gcc.exe -V >&5
realgcc.exe: error: unrecognized command line option '-V'
realgcc.exe: fatal error: no input files
compilation terminated.
configure:2751: $? = 1
configure:2740: C:\PROGRA~3\CHOCOL~1\lib\ghc\tools\GHC-81~1.2\lib\../mingw/bin\gcc.exe -qversion >&5
realgcc.exe: error: unrecognized command line option '-qversion'; did you mean '--version'?
realgcc.exe: fatal error: no input files
compilation terminated.
configure:2751: $? = 1
configure:2771: checking whether the C compiler works
configure:2793: C:\PROGRA~3\CHOCOL~1\lib\ghc\tools\GHC-81~1.2\lib\../mingw/bin\gcc.exe    conftest.c  >&5
configure:2797: $? = 0
configure:2845: result: yes
configure:2848: checking for C compiler default output file name
configure:2850: result: a.exe
configure:2856: checking for suffix of executables
configure:2863: C:\PROGRA~3\CHOCOL~1\lib\ghc\tools\GHC-81~1.2\lib\../mingw/bin\gcc.exe -o conftest.exe    conftest.c  >&5
configure:2867: $? = 0
configure:2889: result: .exe
configure:2911: checking whether we are cross compiling
configure:2919: C:\PROGRA~3\CHOCOL~1\lib\ghc\tools\GHC-81~1.2\lib\../mingw/bin\gcc.exe -o conftest.exe    conftest.c  >&5
configure:2923: $? = 0
configure:2930: ./conftest.exe
configure:2934: $? = 0
configure:2949: result: no
configure:2954: checking for suffix of object files
configure:2976: C:\PROGRA~3\CHOCOL~1\lib\ghc\tools\GHC-81~1.2\lib\../mingw/bin\gcc.exe -c   conftest.c >&5
configure:2980: $? = 0
configure:3001: result: o
configure:3005: checking whether we are using the GNU C compiler
configure:3024: C:\PROGRA~3\CHOCOL~1\lib\ghc\tools\GHC-81~1.2\lib\../mingw/bin\gcc.exe -c   conftest.c >&5
configure:3024: $? = 0
configure:3033: result: yes
configure:3042: checking whether C:\PROGRA~3\CHOCOL~1\lib\ghc\tools\GHC-81~1.2\lib\../mingw/bin\gcc.exe accepts -g
configure:3062: C:\PROGRA~3\CHOCOL~1\lib\ghc\tools\GHC-81~1.2\lib\../mingw/bin\gcc.exe -c -g  conftest.c >&5
configure:3062: $? = 0
configure:3103: result: yes
configure:3120: checking for C:\PROGRA~3\CHOCOL~1\lib\ghc\tools\GHC-81~1.2\lib\../mingw/bin\gcc.exe option to accept ISO C89
configure:3183: C:\PROGRA~3\CHOCOL~1\lib\ghc\tools\GHC-81~1.2\lib\../mingw/bin\gcc.exe  -c   conftest.c >&5
configure:3183: $? = 0
configure:3196: result: none needed
configure:3218: checking for an ANSI C-conforming const
configure:3284: C:\PROGRA~3\CHOCOL~1\lib\ghc\tools\GHC-81~1.2\lib\../mingw/bin\gcc.exe -c   conftest.c >&5
configure:3284: $? = 0
configure:3291: result: yes
configure:3305: checking how to run the C preprocessor
configure:3336: C:\PROGRA~3\CHOCOL~1\lib\ghc\tools\GHC-81~1.2\lib\../mingw/bin\gcc.exe -E  conftest.c
configure:3336: $? = 0
configure:3350: C:\PROGRA~3\CHOCOL~1\lib\ghc\tools\GHC-81~1.2\lib\../mingw/bin\gcc.exe -E  conftest.c
conftest.c:9:10: fatal error: ac_nonexistent.h: No such file or directory
    9 | #include <ac_nonexistent.h>
      |          ^~~~~~~~~~~~~~~~~~
compilation terminated.
configure:3350: $? = 1
configure: failed program was:
| /* confdefs.h */
| #define PACKAGE_NAME "Haskell network package"
| #define PACKAGE_TARNAME "network"
| #define PACKAGE_VERSION "3.1.1.0"
| #define PACKAGE_STRING "Haskell network package 3.1.1.0"
| #define PACKAGE_BUGREPORT "libraries@haskell.org"
| #define PACKAGE_URL ""
| /* end confdefs.h.  */
| #include <ac_nonexistent.h>
configure:3375: result: C:\PROGRA~3\CHOCOL~1\lib\ghc\tools\GHC-81~1.2\lib\../mingw/bin\gcc.exe -E
configure:3395: C:\PROGRA~3\CHOCOL~1\lib\ghc\tools\GHC-81~1.2\lib\../mingw/bin\gcc.exe -E  conftest.c
configure:3395: $? = 0
configure:3409: C:\PROGRA~3\CHOCOL~1\lib\ghc\tools\GHC-81~1.2\lib\../mingw/bin\gcc.exe -E  conftest.c
conftest.c:9:10: fatal error: ac_nonexistent.h: No such file or directory
    9 | #include <ac_nonexistent.h>
      |          ^~~~~~~~~~~~~~~~~~
compilation terminated.
configure:3409: $? = 1
configure: failed program was:
| /* confdefs.h */
| #define PACKAGE_NAME "Haskell network package"
| #define PACKAGE_TARNAME "network"
| #define PACKAGE_VERSION "3.1.1.0"
| #define PACKAGE_STRING "Haskell network package 3.1.1.0"
| #define PACKAGE_BUGREPORT "libraries@haskell.org"
| #define PACKAGE_URL ""
| /* end confdefs.h.  */
| #include <ac_nonexistent.h>
configure:3438: checking for grep that handles long lines and -e
configure:3496: result: /usr/bin/grep
configure:3501: checking for egrep
configure:3563: result: /usr/bin/grep -E
configure:3568: checking for ANSI C header files
configure:3588: C:\PROGRA~3\CHOCOL~1\lib\ghc\tools\GHC-81~1.2\lib\../mingw/bin\gcc.exe -c   conftest.c >&5
configure:3588: $? = 0
configure:3661: C:\PROGRA~3\CHOCOL~1\lib\ghc\tools\GHC-81~1.2\lib\../mingw/bin\gcc.exe -o conftest.exe    conftest.c  >&5
configure:3661: $? = 0
configure:3661: ./conftest.exe
configure:3661: $? = 0
configure:3672: result: yes
configure:3685: checking for sys/types.h
configure:3685: C:\PROGRA~3\CHOCOL~1\lib\ghc\tools\GHC-81~1.2\lib\../mingw/bin\gcc.exe -c   conftest.c >&5
configure:3685: $? = 0
configure:3685: result: yes
configure:3685: checking for sys/stat.h
configure:3685: C:\PROGRA~3\CHOCOL~1\lib\ghc\tools\GHC-81~1.2\lib\../mingw/bin\gcc.exe -c   conftest.c >&5
configure:3685: $? = 0
configure:3685: result: yes
configure:3685: checking for stdlib.h
configure:3685: C:\PROGRA~3\CHOCOL~1\lib\ghc\tools\GHC-81~1.2\lib\../mingw/bin\gcc.exe -c   conftest.c >&5
configure:3685: $? = 0
configure:3685: result: yes
configure:3685: checking for string.h
configure:3685: C:\PROGRA~3\CHOCOL~1\lib\ghc\tools\GHC-81~1.2\lib\../mingw/bin\gcc.exe -c   conftest.c >&5
configure:3685: $? = 127
configure: failed program was:
| /* confdefs.h */
| #define PACKAGE_NAME "Haskell network package"
| #define PACKAGE_TARNAME "network"
| #define PACKAGE_VERSION "3.1.1.0"
| #define PACKAGE_STRING "Haskell network package 3.1.1.0"
| #define PACKAGE_BUGREPORT "libraries@haskell.org"
| #define PACKAGE_URL ""
| #define STDC_HEADERS 1
| #define HAVE_SYS_TYPES_H 1
| #define HAVE_SYS_STAT_H 1
| #define HAVE_STDLIB_H 1
| /* end confdefs.h.  */
| #define _GNU_SOURCE 1  /* for struct ucred on Linux */
| #include <stdio.h>
| #ifdef HAVE_SYS_TYPES_H
| # include <sys/types.h>
| #endif
| #ifdef HAVE_SYS_STAT_H
| # include <sys/stat.h>
| #endif
| #ifdef STDC_HEADERS
| # include <stdlib.h>
| # include <stddef.h>
| #else
| # ifdef HAVE_STDLIB_H
| #  include <stdlib.h>
| # endif
| #endif
| #ifdef HAVE_STRING_H
| # if !defined STDC_HEADERS && defined HAVE_MEMORY_H
| #  include <memory.h>
| # endif
| # include <string.h>
| #endif
| #ifdef HAVE_STRINGS_H
| # include <strings.h>
| #endif
| #ifdef HAVE_INTTYPES_H
| # include <inttypes.h>
| #endif
| #ifdef HAVE_STDINT_H
| # include <stdint.h>
| #endif
| #ifdef HAVE_UNISTD_H
| # include <unistd.h>
| #endif
| 
| #ifdef _WIN32
| # include <winsock2.h>
| # include <ws2tcpip.h>
| # define IPV6_V6ONLY 27
| #endif
| 
| #ifdef HAVE_LIMITS_H
| # include <limits.h>
| #endif
| #ifdef HAVE_STDLIB_H
| # include <stdlib.h>
| #endif
| #ifdef HAVE_UNISTD_H
| #include <unistd.h>
| #endif
| #ifdef HAVE_SYS_TYPES_H
| # include <sys/types.h>
| #endif
| #ifdef HAVE_FCNTL_H
| # include <fcntl.h>
| #endif
| #ifdef HAVE_SYS_UIO_H
| # include <sys/uio.h>
| #endif
| #ifdef HAVE_SYS_SOCKET_H
| # include <sys/socket.h>
| #endif
| #ifdef HAVE_NETINET_IN_H
| # include <netinet/in.h>
| #endif
| #ifdef HAVE_NETINET_TCP_H
| # include <netinet/tcp.h>
| #endif
| #ifdef HAVE_SYS_UN_H
| # include <sys/un.h>
| #endif
| #ifdef HAVE_ARPA_INET_H
| # include <arpa/inet.h>
| #endif
| #ifdef HAVE_NETDB_H
| #include <netdb.h>
| #endif
| #ifdef HAVE_NET_IF_H
| # include <net/if.h>
| #endif
| #ifdef HAVE_NETIOAPI_H
| # include <netioapi.h>
| #endif
| 
| 
| #include <string.h>
configure:3685: result: no
configure:3685: checking for memory.h
configure:3685: C:\PROGRA~3\CHOCOL~1\lib\ghc\tools\GHC-81~1.2\lib\../mingw/bin\gcc.exe -c   conftest.c >&5
configure:3685: $? = 0
configure:3685: result: yes
configure:3685: checking for strings.h
configure:3685: C:\PROGRA~3\CHOCOL~1\lib\ghc\tools\GHC-81~1.2\lib\../mingw/bin\gcc.exe -c   conftest.c >&5
configure:3685: $? = 0
configure:3685: result: yes
configure:3685: checking for inttypes.h
configure:3685: C:\PROGRA~3\CHOCOL~1\lib\ghc\tools\GHC-81~1.2\lib\../mingw/bin\gcc.exe -c   conftest.c >&5
configure:3685: $? = 0
configure:3685: result: yes
configure:3685: checking for stdint.h
configure:3685: C:\PROGRA~3\CHOCOL~1\lib\ghc\tools\GHC-81~1.2\lib\../mingw/bin\gcc.exe -c   conftest.c >&5
configure:3685: $? = 0
configure:3685: result: yes
configure:3685: checking for unistd.h
configure:3685: C:\PROGRA~3\CHOCOL~1\lib\ghc\tools\GHC-81~1.2\lib\../mingw/bin\gcc.exe -c   conftest.c >&5
configure:3685: $? = 0
configure:3685: result: yes
configure:3700: checking limits.h usability
configure:3700: C:\PROGRA~3\CHOCOL~1\lib\ghc\tools\GHC-81~1.2\lib\../mingw/bin\gcc.exe -c   conftest.c >&5
configure:3700: $? = 0
configure:3700: result: yes
configure:3700: checking limits.h presence
configure:3700: C:\PROGRA~3\CHOCOL~1\lib\ghc\tools\GHC-81~1.2\lib\../mingw/bin\gcc.exe -E  conftest.c
configure:3700: $? = 0
configure:3700: result: yes
configure:3700: checking for limits.h
configure:3700: result: yes
configure:3700: checking for stdlib.h
configure:3700: result: yes
configure:3700: checking for unistd.h
configure:3700: result: yes
configure:3700: checking for sys/types.h
configure:3700: result: yes
configure:3700: checking fcntl.h usability
configure:3700: C:\PROGRA~3\CHOCOL~1\lib\ghc\tools\GHC-81~1.2\lib\../mingw/bin\gcc.exe -c   conftest.c >&5
configure:3700: $? = 0
configure:3700: result: yes
configure:3700: checking fcntl.h presence
configure:3700: C:\PROGRA~3\CHOCOL~1\lib\ghc\tools\GHC-81~1.2\lib\../mingw/bin\gcc.exe -E  conftest.c
configure:3700: $? = 0
configure:3700: result: yes
configure:3700: checking for fcntl.h
configure:3700: result: yes
configure:3713: checking sys/uio.h usability
configure:3713: C:\PROGRA~3\CHOCOL~1\lib\ghc\tools\GHC-81~1.2\lib\../mingw/bin\gcc.exe -c   conftest.c >&5
conftest.c:107:10: fatal error: sys/uio.h: No such file or directory
  107 | #include <sys/uio.h>
      |          ^~~~~~~~~~~
compilation terminated.
configure:3713: $? = 1
configure: failed program was:
| /* confdefs.h */
| #define PACKAGE_NAME "Haskell network package"
| #define PACKAGE_TARNAME "network"
| #define PACKAGE_VERSION "3.1.1.0"
| #define PACKAGE_STRING "Haskell network package 3.1.1.0"
| #define PACKAGE_BUGREPORT "libraries@haskell.org"
| #define PACKAGE_URL ""
| #define STDC_HEADERS 1
| #define HAVE_SYS_TYPES_H 1
| #define HAVE_SYS_STAT_H 1
| #define HAVE_STDLIB_H 1
| #define HAVE_MEMORY_H 1
| #define HAVE_STRINGS_H 1
| #define HAVE_INTTYPES_H 1
| #define HAVE_STDINT_H 1
| #define HAVE_UNISTD_H 1
| #define HAVE_LIMITS_H 1
| #define HAVE_STDLIB_H 1
| #define HAVE_UNISTD_H 1
| #define HAVE_SYS_TYPES_H 1
| #define HAVE_FCNTL_H 1
| /* end confdefs.h.  */
| #define _GNU_SOURCE 1  /* for struct ucred on Linux */
| #include <stdio.h>
| #ifdef HAVE_SYS_TYPES_H
| # include <sys/types.h>
| #endif
| #ifdef HAVE_SYS_STAT_H
| # include <sys/stat.h>
| #endif
| #ifdef STDC_HEADERS
| # include <stdlib.h>
| # include <stddef.h>
| #else
| # ifdef HAVE_STDLIB_H
| #  include <stdlib.h>
| # endif
| #endif
| #ifdef HAVE_STRING_H
| # if !defined STDC_HEADERS && defined HAVE_MEMORY_H
| #  include <memory.h>
| # endif
| # include <string.h>
| #endif
| #ifdef HAVE_STRINGS_H
| # include <strings.h>
| #endif
| #ifdef HAVE_INTTYPES_H
| # include <inttypes.h>
| #endif
| #ifdef HAVE_STDINT_H
| # include <stdint.h>
| #endif
| #ifdef HAVE_UNISTD_H
| # include <unistd.h>
| #endif
| 
| #ifdef _WIN32
| # include <winsock2.h>
| # include <ws2tcpip.h>
| # define IPV6_V6ONLY 27
| #endif
| 
| #ifdef HAVE_LIMITS_H
| # include <limits.h>
| #endif
| #ifdef HAVE_STDLIB_H
| # include <stdlib.h>
| #endif
| #ifdef HAVE_UNISTD_H
| #include <unistd.h>
| #endif
| #ifdef HAVE_SYS_TYPES_H
| # include <sys/types.h>
| #endif
| #ifdef HAVE_FCNTL_H
| # include <fcntl.h>
| #endif
| #ifdef HAVE_SYS_UIO_H
| # include <sys/uio.h>
| #endif
| #ifdef HAVE_SYS_SOCKET_H
| # include <sys/socket.h>
| #endif
| #ifdef HAVE_NETINET_IN_H
| # include <netinet/in.h>
| #endif
| #ifdef HAVE_NETINET_TCP_H
| # include <netinet/tcp.h>
| #endif
| #ifdef HAVE_SYS_UN_H
| # include <sys/un.h>
| #endif
| #ifdef HAVE_ARPA_INET_H
| # include <arpa/inet.h>
| #endif
| #ifdef HAVE_NETDB_H
| #include <netdb.h>
| #endif
| #ifdef HAVE_NET_IF_H
| # include <net/if.h>
| #endif
| #ifdef HAVE_NETIOAPI_H
| # include <netioapi.h>
| #endif
| 
| #include <sys/uio.h>
configure:3713: result: no
configure:3713: checking sys/uio.h presence
configure:3713: C:\PROGRA~3\CHOCOL~1\lib\ghc\tools\GHC-81~1.2\lib\../mingw/bin\gcc.exe -E  conftest.c
conftest.c:23:10: fatal error: sys/uio.h: No such file or directory
   23 | #include <sys/uio.h>
      |          ^~~~~~~~~~~
compilation terminated.
configure:3713: $? = 1
configure: failed program was:
| /* confdefs.h */
| #define PACKAGE_NAME "Haskell network package"
| #define PACKAGE_TARNAME "network"
| #define PACKAGE_VERSION "3.1.1.0"
| #define PACKAGE_STRING "Haskell network package 3.1.1.0"
| #define PACKAGE_BUGREPORT "libraries@haskell.org"
| #define PACKAGE_URL ""
| #define STDC_HEADERS 1
| #define HAVE_SYS_TYPES_H 1
| #define HAVE_SYS_STAT_H 1
| #define HAVE_STDLIB_H 1
| #define HAVE_MEMORY_H 1
| #define HAVE_STRINGS_H 1
| #define HAVE_INTTYPES_H 1
| #define HAVE_STDINT_H 1
| #define HAVE_UNISTD_H 1
| #define HAVE_LIMITS_H 1
| #define HAVE_STDLIB_H 1
| #define HAVE_UNISTD_H 1
| #define HAVE_SYS_TYPES_H 1
| #define HAVE_FCNTL_H 1
| /* end confdefs.h.  */
| #include <sys/uio.h>
configure:3713: result: no
configure:3713: checking for sys/uio.h
configure:3713: result: no
configure:3713: checking sys/socket.h usability
configure:3713: C:\PROGRA~3\CHOCOL~1\lib\ghc\tools\GHC-81~1.2\lib\../mingw/bin\gcc.exe -c   conftest.c >&5
conftest.c:107:10: fatal error: sys/socket.h: No such file or directory
  107 | #include <sys/socket.h>
      |          ^~~~~~~~~~~~~~
compilation terminated.
configure:3713: $? = 1
configure: failed program was:
| /* confdefs.h */
| #define PACKAGE_NAME "Haskell network package"
| #define PACKAGE_TARNAME "network"
| #define PACKAGE_VERSION "3.1.1.0"
| #define PACKAGE_STRING "Haskell network package 3.1.1.0"
| #define PACKAGE_BUGREPORT "libraries@haskell.org"
| #define PACKAGE_URL ""
| #define STDC_HEADERS 1
| #define HAVE_SYS_TYPES_H 1
| #define HAVE_SYS_STAT_H 1
| #define HAVE_STDLIB_H 1
| #define HAVE_MEMORY_H 1
| #define HAVE_STRINGS_H 1
| #define HAVE_INTTYPES_H 1
| #define HAVE_STDINT_H 1
| #define HAVE_UNISTD_H 1
| #define HAVE_LIMITS_H 1
| #define HAVE_STDLIB_H 1
| #define HAVE_UNISTD_H 1
| #define HAVE_SYS_TYPES_H 1
| #define HAVE_FCNTL_H 1
| /* end confdefs.h.  */
| #define _GNU_SOURCE 1  /* for struct ucred on Linux */
| #include <stdio.h>
| #ifdef HAVE_SYS_TYPES_H
| # include <sys/types.h>
| #endif
| #ifdef HAVE_SYS_STAT_H
| # include <sys/stat.h>
| #endif
| #ifdef STDC_HEADERS
| # include <stdlib.h>
| # include <stddef.h>
| #else
| # ifdef HAVE_STDLIB_H
| #  include <stdlib.h>
| # endif
| #endif
| #ifdef HAVE_STRING_H
| # if !defined STDC_HEADERS && defined HAVE_MEMORY_H
| #  include <memory.h>
| # endif
| # include <string.h>
| #endif
| #ifdef HAVE_STRINGS_H
| # include <strings.h>
| #endif
| #ifdef HAVE_INTTYPES_H
| # include <inttypes.h>
| #endif
| #ifdef HAVE_STDINT_H
| # include <stdint.h>
| #endif
| #ifdef HAVE_UNISTD_H
| # include <unistd.h>
| #endif
| 
| #ifdef _WIN32
| # include <winsock2.h>
| # include <ws2tcpip.h>
| # define IPV6_V6ONLY 27
| #endif
| 
| #ifdef HAVE_LIMITS_H
| # include <limits.h>
| #endif
| #ifdef HAVE_STDLIB_H
| # include <stdlib.h>
| #endif
| #ifdef HAVE_UNISTD_H
| #include <unistd.h>
| #endif
| #ifdef HAVE_SYS_TYPES_H
| # include <sys/types.h>
| #endif
| #ifdef HAVE_FCNTL_H
| # include <fcntl.h>
| #endif
| #ifdef HAVE_SYS_UIO_H
| # include <sys/uio.h>
| #endif
| #ifdef HAVE_SYS_SOCKET_H
| # include <sys/socket.h>
| #endif
| #ifdef HAVE_NETINET_IN_H
| # include <netinet/in.h>
| #endif
| #ifdef HAVE_NETINET_TCP_H
| # include <netinet/tcp.h>
| #endif
| #ifdef HAVE_SYS_UN_H
| # include <sys/un.h>
| #endif
| #ifdef HAVE_ARPA_INET_H
| # include <arpa/inet.h>
| #endif
| #ifdef HAVE_NETDB_H
| #include <netdb.h>
| #endif
| #ifdef HAVE_NET_IF_H
| # include <net/if.h>
| #endif
| #ifdef HAVE_NETIOAPI_H
| # include <netioapi.h>
| #endif
| 
| #include <sys/socket.h>
configure:3713: result: no
configure:3713: checking sys/socket.h presence
configure:3713: C:\PROGRA~3\CHOCOL~1\lib\ghc\tools\GHC-81~1.2\lib\../mingw/bin\gcc.exe -E  conftest.c
conftest.c:23:10: fatal error: sys/socket.h: No such file or directory
   23 | #include <sys/socket.h>
      |          ^~~~~~~~~~~~~~
compilation terminated.
configure:3713: $? = 1
configure: failed program was:
| /* confdefs.h */
| #define PACKAGE_NAME "Haskell network package"
| #define PACKAGE_TARNAME "network"
| #define PACKAGE_VERSION "3.1.1.0"
| #define PACKAGE_STRING "Haskell network package 3.1.1.0"
| #define PACKAGE_BUGREPORT "libraries@haskell.org"
| #define PACKAGE_URL ""
| #define STDC_HEADERS 1
| #define HAVE_SYS_TYPES_H 1
| #define HAVE_SYS_STAT_H 1
| #define HAVE_STDLIB_H 1
| #define HAVE_MEMORY_H 1
| #define HAVE_STRINGS_H 1
| #define HAVE_INTTYPES_H 1
| #define HAVE_STDINT_H 1
| #define HAVE_UNISTD_H 1
| #define HAVE_LIMITS_H 1
| #define HAVE_STDLIB_H 1
| #define HAVE_UNISTD_H 1
| #define HAVE_SYS_TYPES_H 1
| #define HAVE_FCNTL_H 1
| /* end confdefs.h.  */
| #include <sys/socket.h>
configure:3713: result: no
configure:3713: checking for sys/socket.h
configure:3713: result: no
configure:3713: checking netinet/in.h usability
configure:3713: C:\PROGRA~3\CHOCOL~1\lib\ghc\tools\GHC-81~1.2\lib\../mingw/bin\gcc.exe -c   conftest.c >&5
conftest.c:107:10: fatal error: netinet/in.h: No such file or directory
  107 | #include <netinet/in.h>
      |          ^~~~~~~~~~~~~~
compilation terminated.
configure:3713: $? = 1
configure: failed program was:
| /* confdefs.h */
| #define PACKAGE_NAME "Haskell network package"
| #define PACKAGE_TARNAME "network"
| #define PACKAGE_VERSION "3.1.1.0"
| #define PACKAGE_STRING "Haskell network package 3.1.1.0"
| #define PACKAGE_BUGREPORT "libraries@haskell.org"
| #define PACKAGE_URL ""
| #define STDC_HEADERS 1
| #define HAVE_SYS_TYPES_H 1
| #define HAVE_SYS_STAT_H 1
| #define HAVE_STDLIB_H 1
| #define HAVE_MEMORY_H 1
| #define HAVE_STRINGS_H 1
| #define HAVE_INTTYPES_H 1
| #define HAVE_STDINT_H 1
| #define HAVE_UNISTD_H 1
| #define HAVE_LIMITS_H 1
| #define HAVE_STDLIB_H 1
| #define HAVE_UNISTD_H 1
| #define HAVE_SYS_TYPES_H 1
| #define HAVE_FCNTL_H 1
| /* end confdefs.h.  */
| #define _GNU_SOURCE 1  /* for struct ucred on Linux */
| #include <stdio.h>
| #ifdef HAVE_SYS_TYPES_H
| # include <sys/types.h>
| #endif
| #ifdef HAVE_SYS_STAT_H
| # include <sys/stat.h>
| #endif
| #ifdef STDC_HEADERS
| # include <stdlib.h>
| # include <stddef.h>
| #else
| # ifdef HAVE_STDLIB_H
| #  include <stdlib.h>
| # endif
| #endif
| #ifdef HAVE_STRING_H
| # if !defined STDC_HEADERS && defined HAVE_MEMORY_H
| #  include <memory.h>
| # endif
| # include <string.h>
| #endif
| #ifdef HAVE_STRINGS_H
| # include <strings.h>
| #endif
| #ifdef HAVE_INTTYPES_H
| # include <inttypes.h>
| #endif
| #ifdef HAVE_STDINT_H
| # include <stdint.h>
| #endif
| #ifdef HAVE_UNISTD_H
| # include <unistd.h>
| #endif
| 
| #ifdef _WIN32
| # include <winsock2.h>
| # include <ws2tcpip.h>
| # define IPV6_V6ONLY 27
| #endif
| 
| #ifdef HAVE_LIMITS_H
| # include <limits.h>
| #endif
| #ifdef HAVE_STDLIB_H
| # include <stdlib.h>
| #endif
| #ifdef HAVE_UNISTD_H
| #include <unistd.h>
| #endif
| #ifdef HAVE_SYS_TYPES_H
| # include <sys/types.h>
| #endif
| #ifdef HAVE_FCNTL_H
| # include <fcntl.h>
| #endif
| #ifdef HAVE_SYS_UIO_H
| # include <sys/uio.h>
| #endif
| #ifdef HAVE_SYS_SOCKET_H
| # include <sys/socket.h>
| #endif
| #ifdef HAVE_NETINET_IN_H
| # include <netinet/in.h>
| #endif
| #ifdef HAVE_NETINET_TCP_H
| # include <netinet/tcp.h>
| #endif
| #ifdef HAVE_SYS_UN_H
| # include <sys/un.h>
| #endif
| #ifdef HAVE_ARPA_INET_H
| # include <arpa/inet.h>
| #endif
| #ifdef HAVE_NETDB_H
| #include <netdb.h>
| #endif
| #ifdef HAVE_NET_IF_H
| # include <net/if.h>
| #endif
| #ifdef HAVE_NETIOAPI_H
| # include <netioapi.h>
| #endif
| 
| #include <netinet/in.h>
configure:3713: result: no
configure:3713: checking netinet/in.h presence
configure:3713: C:\PROGRA~3\CHOCOL~1\lib\ghc\tools\GHC-81~1.2\lib\../mingw/bin\gcc.exe -E  conftest.c
conftest.c:23:10: fatal error: netinet/in.h: No such file or directory
   23 | #include <netinet/in.h>
      |          ^~~~~~~~~~~~~~
compilation terminated.
configure:3713: $? = 1
configure: failed program was:
| /* confdefs.h */
| #define PACKAGE_NAME "Haskell network package"
| #define PACKAGE_TARNAME "network"
| #define PACKAGE_VERSION "3.1.1.0"
| #define PACKAGE_STRING "Haskell network package 3.1.1.0"
| #define PACKAGE_BUGREPORT "libraries@haskell.org"
| #define PACKAGE_URL ""
| #define STDC_HEADERS 1
| #define HAVE_SYS_TYPES_H 1
| #define HAVE_SYS_STAT_H 1
| #define HAVE_STDLIB_H 1
| #define HAVE_MEMORY_H 1
| #define HAVE_STRINGS_H 1
| #define HAVE_INTTYPES_H 1
| #define HAVE_STDINT_H 1
| #define HAVE_UNISTD_H 1
| #define HAVE_LIMITS_H 1
| #define HAVE_STDLIB_H 1
| #define HAVE_UNISTD_H 1
| #define HAVE_SYS_TYPES_H 1
| #define HAVE_FCNTL_H 1
| /* end confdefs.h.  */
| #include <netinet/in.h>
configure:3713: result: no
configure:3713: checking for netinet/in.h
configure:3713: result: no
configure:3713: checking netinet/tcp.h usability
configure:3713: C:\PROGRA~3\CHOCOL~1\lib\ghc\tools\GHC-81~1.2\lib\../mingw/bin\gcc.exe -c   conftest.c >&5
conftest.c:107:10: fatal error: netinet/tcp.h: No such file or directory
  107 | #include <netinet/tcp.h>
      |          ^~~~~~~~~~~~~~~
compilation terminated.
configure:3713: $? = 1
configure: failed program was:
| /* confdefs.h */
| #define PACKAGE_NAME "Haskell network package"
| #define PACKAGE_TARNAME "network"
| #define PACKAGE_VERSION "3.1.1.0"
| #define PACKAGE_STRING "Haskell network package 3.1.1.0"
| #define PACKAGE_BUGREPORT "libraries@haskell.org"
| #define PACKAGE_URL ""
| #define STDC_HEADERS 1
| #define HAVE_SYS_TYPES_H 1
| #define HAVE_SYS_STAT_H 1
| #define HAVE_STDLIB_H 1
| #define HAVE_MEMORY_H 1
| #define HAVE_STRINGS_H 1
| #define HAVE_INTTYPES_H 1
| #define HAVE_STDINT_H 1
| #define HAVE_UNISTD_H 1
| #define HAVE_LIMITS_H 1
| #define HAVE_STDLIB_H 1
| #define HAVE_UNISTD_H 1
| #define HAVE_SYS_TYPES_H 1
| #define HAVE_FCNTL_H 1
| /* end confdefs.h.  */
| #define _GNU_SOURCE 1  /* for struct ucred on Linux */
| #include <stdio.h>
| #ifdef HAVE_SYS_TYPES_H
| # include <sys/types.h>
| #endif
| #ifdef HAVE_SYS_STAT_H
| # include <sys/stat.h>
| #endif
| #ifdef STDC_HEADERS
| # include <stdlib.h>
| # include <stddef.h>
| #else
| # ifdef HAVE_STDLIB_H
| #  include <stdlib.h>
| # endif
| #endif
| #ifdef HAVE_STRING_H
| # if !defined STDC_HEADERS && defined HAVE_MEMORY_H
| #  include <memory.h>
| # endif
| # include <string.h>
| #endif
| #ifdef HAVE_STRINGS_H
| # include <strings.h>
| #endif
| #ifdef HAVE_INTTYPES_H
| # include <inttypes.h>
| #endif
| #ifdef HAVE_STDINT_H
| # include <stdint.h>
| #endif
| #ifdef HAVE_UNISTD_H
| # include <unistd.h>
| #endif
| 
| #ifdef _WIN32
| # include <winsock2.h>
| # include <ws2tcpip.h>
| # define IPV6_V6ONLY 27
| #endif
| 
| #ifdef HAVE_LIMITS_H
| # include <limits.h>
| #endif
| #ifdef HAVE_STDLIB_H
| # include <stdlib.h>
| #endif
| #ifdef HAVE_UNISTD_H
| #include <unistd.h>
| #endif
| #ifdef HAVE_SYS_TYPES_H
| # include <sys/types.h>
| #endif
| #ifdef HAVE_FCNTL_H
| # include <fcntl.h>
| #endif
| #ifdef HAVE_SYS_UIO_H
| # include <sys/uio.h>
| #endif
| #ifdef HAVE_SYS_SOCKET_H
| # include <sys/socket.h>
| #endif
| #ifdef HAVE_NETINET_IN_H
| # include <netinet/in.h>
| #endif
| #ifdef HAVE_NETINET_TCP_H
| # include <netinet/tcp.h>
| #endif
| #ifdef HAVE_SYS_UN_H
| # include <sys/un.h>
| #endif
| #ifdef HAVE_ARPA_INET_H
| # include <arpa/inet.h>
| #endif
| #ifdef HAVE_NETDB_H
| #include <netdb.h>
| #endif
| #ifdef HAVE_NET_IF_H
| # include <net/if.h>
| #endif
| #ifdef HAVE_NETIOAPI_H
| # include <netioapi.h>
| #endif
| 
| #include <netinet/tcp.h>
configure:3713: result: no
configure:3713: checking netinet/tcp.h presence
configure:3713: C:\PROGRA~3\CHOCOL~1\lib\ghc\tools\GHC-81~1.2\lib\../mingw/bin\gcc.exe -E  conftest.c
conftest.c:23:10: fatal error: netinet/tcp.h: No such file or directory
   23 | #include <netinet/tcp.h>
      |          ^~~~~~~~~~~~~~~
compilation terminated.
configure:3713: $? = 1
configure: failed program was:
| /* confdefs.h */
| #define PACKAGE_NAME "Haskell network package"
| #define PACKAGE_TARNAME "network"
| #define PACKAGE_VERSION "3.1.1.0"
| #define PACKAGE_STRING "Haskell network package 3.1.1.0"
| #define PACKAGE_BUGREPORT "libraries@haskell.org"
| #define PACKAGE_URL ""
| #define STDC_HEADERS 1
| #define HAVE_SYS_TYPES_H 1
| #define HAVE_SYS_STAT_H 1
| #define HAVE_STDLIB_H 1
| #define HAVE_MEMORY_H 1
| #define HAVE_STRINGS_H 1
| #define HAVE_INTTYPES_H 1
| #define HAVE_STDINT_H 1
| #define HAVE_UNISTD_H 1
| #define HAVE_LIMITS_H 1
| #define HAVE_STDLIB_H 1
| #define HAVE_UNISTD_H 1
| #define HAVE_SYS_TYPES_H 1
| #define HAVE_FCNTL_H 1
| /* end confdefs.h.  */
| #include <netinet/tcp.h>
configure:3713: result: no
configure:3713: checking for netinet/tcp.h
configure:3713: result: no
configure:3726: checking sys/un.h usability
configure:3726: C:\PROGRA~3\CHOCOL~1\lib\ghc\tools\GHC-81~1.2\lib\../mingw/bin\gcc.exe -c   conftest.c >&5
conftest.c:107:10: fatal error: sys/un.h: No such file or directory
  107 | #include <sys/un.h>
      |          ^~~~~~~~~~
compilation terminated.
configure:3726: $? = 1
configure: failed program was:
| /* confdefs.h */
| #define PACKAGE_NAME "Haskell network package"
| #define PACKAGE_TARNAME "network"
| #define PACKAGE_VERSION "3.1.1.0"
| #define PACKAGE_STRING "Haskell network package 3.1.1.0"
| #define PACKAGE_BUGREPORT "libraries@haskell.org"
| #define PACKAGE_URL ""
| #define STDC_HEADERS 1
| #define HAVE_SYS_TYPES_H 1
| #define HAVE_SYS_STAT_H 1
| #define HAVE_STDLIB_H 1
| #define HAVE_MEMORY_H 1
| #define HAVE_STRINGS_H 1
| #define HAVE_INTTYPES_H 1
| #define HAVE_STDINT_H 1
| #define HAVE_UNISTD_H 1
| #define HAVE_LIMITS_H 1
| #define HAVE_STDLIB_H 1
| #define HAVE_UNISTD_H 1
| #define HAVE_SYS_TYPES_H 1
| #define HAVE_FCNTL_H 1
| /* end confdefs.h.  */
| #define _GNU_SOURCE 1  /* for struct ucred on Linux */
| #include <stdio.h>
| #ifdef HAVE_SYS_TYPES_H
| # include <sys/types.h>
| #endif
| #ifdef HAVE_SYS_STAT_H
| # include <sys/stat.h>
| #endif
| #ifdef STDC_HEADERS
| # include <stdlib.h>
| # include <stddef.h>
| #else
| # ifdef HAVE_STDLIB_H
| #  include <stdlib.h>
| # endif
| #endif
| #ifdef HAVE_STRING_H
| # if !defined STDC_HEADERS && defined HAVE_MEMORY_H
| #  include <memory.h>
| # endif
| # include <string.h>
| #endif
| #ifdef HAVE_STRINGS_H
| # include <strings.h>
| #endif
| #ifdef HAVE_INTTYPES_H
| # include <inttypes.h>
| #endif
| #ifdef HAVE_STDINT_H
| # include <stdint.h>
| #endif
| #ifdef HAVE_UNISTD_H
| # include <unistd.h>
| #endif
| 
| #ifdef _WIN32
| # include <winsock2.h>
| # include <ws2tcpip.h>
| # define IPV6_V6ONLY 27
| #endif
| 
| #ifdef HAVE_LIMITS_H
| # include <limits.h>
| #endif
| #ifdef HAVE_STDLIB_H
| # include <stdlib.h>
| #endif
| #ifdef HAVE_UNISTD_H
| #include <unistd.h>
| #endif
| #ifdef HAVE_SYS_TYPES_H
| # include <sys/types.h>
| #endif
| #ifdef HAVE_FCNTL_H
| # include <fcntl.h>
| #endif
| #ifdef HAVE_SYS_UIO_H
| # include <sys/uio.h>
| #endif
| #ifdef HAVE_SYS_SOCKET_H
| # include <sys/socket.h>
| #endif
| #ifdef HAVE_NETINET_IN_H
| # include <netinet/in.h>
| #endif
| #ifdef HAVE_NETINET_TCP_H
| # include <netinet/tcp.h>
| #endif
| #ifdef HAVE_SYS_UN_H
| # include <sys/un.h>
| #endif
| #ifdef HAVE_ARPA_INET_H
| # include <arpa/inet.h>
| #endif
| #ifdef HAVE_NETDB_H
| #include <netdb.h>
| #endif
| #ifdef HAVE_NET_IF_H
| # include <net/if.h>
| #endif
| #ifdef HAVE_NETIOAPI_H
| # include <netioapi.h>
| #endif
| 
| #include <sys/un.h>
configure:3726: result: no
configure:3726: checking sys/un.h presence
configure:3726: C:\PROGRA~3\CHOCOL~1\lib\ghc\tools\GHC-81~1.2\lib\../mingw/bin\gcc.exe -E  conftest.c
conftest.c:23:10: fatal error: sys/un.h: No such file or directory
   23 | #include <sys/un.h>
      |          ^~~~~~~~~~
compilation terminated.
configure:3726: $? = 1
configure: failed program was:
| /* confdefs.h */
| #define PACKAGE_NAME "Haskell network package"
| #define PACKAGE_TARNAME "network"
| #define PACKAGE_VERSION "3.1.1.0"
| #define PACKAGE_STRING "Haskell network package 3.1.1.0"
| #define PACKAGE_BUGREPORT "libraries@haskell.org"
| #define PACKAGE_URL ""
| #define STDC_HEADERS 1
| #define HAVE_SYS_TYPES_H 1
| #define HAVE_SYS_STAT_H 1
| #define HAVE_STDLIB_H 1
| #define HAVE_MEMORY_H 1
| #define HAVE_STRINGS_H 1
| #define HAVE_INTTYPES_H 1
| #define HAVE_STDINT_H 1
| #define HAVE_UNISTD_H 1
| #define HAVE_LIMITS_H 1
| #define HAVE_STDLIB_H 1
| #define HAVE_UNISTD_H 1
| #define HAVE_SYS_TYPES_H 1
| #define HAVE_FCNTL_H 1
| /* end confdefs.h.  */
| #include <sys/un.h>
configure:3726: result: no
configure:3726: checking for sys/un.h
configure:3726: result: no
configure:3726: checking arpa/inet.h usability
configure:3726: C:\PROGRA~3\CHOCOL~1\lib\ghc\tools\GHC-81~1.2\lib\../mingw/bin\gcc.exe -c   conftest.c >&5
conftest.c:107:10: fatal error: arpa/inet.h: No such file or directory
  107 | #include <arpa/inet.h>
      |          ^~~~~~~~~~~~~
compilation terminated.
configure:3726: $? = 1
configure: failed program was:
| /* confdefs.h */
| #define PACKAGE_NAME "Haskell network package"
| #define PACKAGE_TARNAME "network"
| #define PACKAGE_VERSION "3.1.1.0"
| #define PACKAGE_STRING "Haskell network package 3.1.1.0"
| #define PACKAGE_BUGREPORT "libraries@haskell.org"
| #define PACKAGE_URL ""
| #define STDC_HEADERS 1
| #define HAVE_SYS_TYPES_H 1
| #define HAVE_SYS_STAT_H 1
| #define HAVE_STDLIB_H 1
| #define HAVE_MEMORY_H 1
| #define HAVE_STRINGS_H 1
| #define HAVE_INTTYPES_H 1
| #define HAVE_STDINT_H 1
| #define HAVE_UNISTD_H 1
| #define HAVE_LIMITS_H 1
| #define HAVE_STDLIB_H 1
| #define HAVE_UNISTD_H 1
| #define HAVE_SYS_TYPES_H 1
| #define HAVE_FCNTL_H 1
| /* end confdefs.h.  */
| #define _GNU_SOURCE 1  /* for struct ucred on Linux */
| #include <stdio.h>
| #ifdef HAVE_SYS_TYPES_H
| # include <sys/types.h>
| #endif
| #ifdef HAVE_SYS_STAT_H
| # include <sys/stat.h>
| #endif
| #ifdef STDC_HEADERS
| # include <stdlib.h>
| # include <stddef.h>
| #else
| # ifdef HAVE_STDLIB_H
| #  include <stdlib.h>
| # endif
| #endif
| #ifdef HAVE_STRING_H
| # if !defined STDC_HEADERS && defined HAVE_MEMORY_H
| #  include <memory.h>
| # endif
| # include <string.h>
| #endif
| #ifdef HAVE_STRINGS_H
| # include <strings.h>
| #endif
| #ifdef HAVE_INTTYPES_H
| # include <inttypes.h>
| #endif
| #ifdef HAVE_STDINT_H
| # include <stdint.h>
| #endif
| #ifdef HAVE_UNISTD_H
| # include <unistd.h>
| #endif
| 
| #ifdef _WIN32
| # include <winsock2.h>
| # include <ws2tcpip.h>
| # define IPV6_V6ONLY 27
| #endif
| 
| #ifdef HAVE_LIMITS_H
| # include <limits.h>
| #endif
| #ifdef HAVE_STDLIB_H
| # include <stdlib.h>
| #endif
| #ifdef HAVE_UNISTD_H
| #include <unistd.h>
| #endif
| #ifdef HAVE_SYS_TYPES_H
| # include <sys/types.h>
| #endif
| #ifdef HAVE_FCNTL_H
| # include <fcntl.h>
| #endif
| #ifdef HAVE_SYS_UIO_H
| # include <sys/uio.h>
| #endif
| #ifdef HAVE_SYS_SOCKET_H
| # include <sys/socket.h>
| #endif
| #ifdef HAVE_NETINET_IN_H
| # include <netinet/in.h>
| #endif
| #ifdef HAVE_NETINET_TCP_H
| # include <netinet/tcp.h>
| #endif
| #ifdef HAVE_SYS_UN_H
| # include <sys/un.h>
| #endif
| #ifdef HAVE_ARPA_INET_H
| # include <arpa/inet.h>
| #endif
| #ifdef HAVE_NETDB_H
| #include <netdb.h>
| #endif
| #ifdef HAVE_NET_IF_H
| # include <net/if.h>
| #endif
| #ifdef HAVE_NETIOAPI_H
| # include <netioapi.h>
| #endif
| 
| #include <arpa/inet.h>
configure:3726: result: no
configure:3726: checking arpa/inet.h presence
configure:3726: C:\PROGRA~3\CHOCOL~1\lib\ghc\tools\GHC-81~1.2\lib\../mingw/bin\gcc.exe -E  conftest.c
conftest.c:23:10: fatal error: arpa/inet.h: No such file or directory
   23 | #include <arpa/inet.h>
      |          ^~~~~~~~~~~~~
compilation terminated.
configure:3726: $? = 1
configure: failed program was:
| /* confdefs.h */
| #define PACKAGE_NAME "Haskell network package"
| #define PACKAGE_TARNAME "network"
| #define PACKAGE_VERSION "3.1.1.0"
| #define PACKAGE_STRING "Haskell network package 3.1.1.0"
| #define PACKAGE_BUGREPORT "libraries@haskell.org"
| #define PACKAGE_URL ""
| #define STDC_HEADERS 1
| #define HAVE_SYS_TYPES_H 1
| #define HAVE_SYS_STAT_H 1
| #define HAVE_STDLIB_H 1
| #define HAVE_MEMORY_H 1
| #define HAVE_STRINGS_H 1
| #define HAVE_INTTYPES_H 1
| #define HAVE_STDINT_H 1
| #define HAVE_UNISTD_H 1
| #define HAVE_LIMITS_H 1
| #define HAVE_STDLIB_H 1
| #define HAVE_UNISTD_H 1
| #define HAVE_SYS_TYPES_H 1
| #define HAVE_FCNTL_H 1
| /* end confdefs.h.  */
| #include <arpa/inet.h>
configure:3726: result: no
configure:3726: checking for arpa/inet.h
configure:3726: result: no
configure:3726: checking netdb.h usability
configure:3726: C:\PROGRA~3\CHOCOL~1\lib\ghc\tools\GHC-81~1.2\lib\../mingw/bin\gcc.exe -c   conftest.c >&5
conftest.c:107:10: fatal error: netdb.h: No such file or directory
  107 | #include <netdb.h>
      |          ^~~~~~~~~
compilation terminated.
configure:3726: $? = 1
configure: failed program was:
| /* confdefs.h */
| #define PACKAGE_NAME "Haskell network package"
| #define PACKAGE_TARNAME "network"
| #define PACKAGE_VERSION "3.1.1.0"
| #define PACKAGE_STRING "Haskell network package 3.1.1.0"
| #define PACKAGE_BUGREPORT "libraries@haskell.org"
| #define PACKAGE_URL ""
| #define STDC_HEADERS 1
| #define HAVE_SYS_TYPES_H 1
| #define HAVE_SYS_STAT_H 1
| #define HAVE_STDLIB_H 1
| #define HAVE_MEMORY_H 1
| #define HAVE_STRINGS_H 1
| #define HAVE_INTTYPES_H 1
| #define HAVE_STDINT_H 1
| #define HAVE_UNISTD_H 1
| #define HAVE_LIMITS_H 1
| #define HAVE_STDLIB_H 1
| #define HAVE_UNISTD_H 1
| #define HAVE_SYS_TYPES_H 1
| #define HAVE_FCNTL_H 1
| /* end confdefs.h.  */
| #define _GNU_SOURCE 1  /* for struct ucred on Linux */
| #include <stdio.h>
| #ifdef HAVE_SYS_TYPES_H
| # include <sys/types.h>
| #endif
| #ifdef HAVE_SYS_STAT_H
| # include <sys/stat.h>
| #endif
| #ifdef STDC_HEADERS
| # include <stdlib.h>
| # include <stddef.h>
| #else
| # ifdef HAVE_STDLIB_H
| #  include <stdlib.h>
| # endif
| #endif
| #ifdef HAVE_STRING_H
| # if !defined STDC_HEADERS && defined HAVE_MEMORY_H
| #  include <memory.h>
| # endif
| # include <string.h>
| #endif
| #ifdef HAVE_STRINGS_H
| # include <strings.h>
| #endif
| #ifdef HAVE_INTTYPES_H
| # include <inttypes.h>
| #endif
| #ifdef HAVE_STDINT_H
| # include <stdint.h>
| #endif
| #ifdef HAVE_UNISTD_H
| # include <unistd.h>
| #endif
| 
| #ifdef _WIN32
| # include <winsock2.h>
| # include <ws2tcpip.h>
| # define IPV6_V6ONLY 27
| #endif
| 
| #ifdef HAVE_LIMITS_H
| # include <limits.h>
| #endif
| #ifdef HAVE_STDLIB_H
| # include <stdlib.h>
| #endif
| #ifdef HAVE_UNISTD_H
| #include <unistd.h>
| #endif
| #ifdef HAVE_SYS_TYPES_H
| # include <sys/types.h>
| #endif
| #ifdef HAVE_FCNTL_H
| # include <fcntl.h>
| #endif
| #ifdef HAVE_SYS_UIO_H
| # include <sys/uio.h>
| #endif
| #ifdef HAVE_SYS_SOCKET_H
| # include <sys/socket.h>
| #endif
| #ifdef HAVE_NETINET_IN_H
| # include <netinet/in.h>
| #endif
| #ifdef HAVE_NETINET_TCP_H
| # include <netinet/tcp.h>
| #endif
| #ifdef HAVE_SYS_UN_H
| # include <sys/un.h>
| #endif
| #ifdef HAVE_ARPA_INET_H
| # include <arpa/inet.h>
| #endif
| #ifdef HAVE_NETDB_H
| #include <netdb.h>
| #endif
| #ifdef HAVE_NET_IF_H
| # include <net/if.h>
| #endif
| #ifdef HAVE_NETIOAPI_H
| # include <netioapi.h>
| #endif
| 
| #include <netdb.h>
configure:3726: result: no
configure:3726: checking netdb.h presence
configure:3726: C:\PROGRA~3\CHOCOL~1\lib\ghc\tools\GHC-81~1.2\lib\../mingw/bin\gcc.exe -E  conftest.c
conftest.c:23:10: fatal error: netdb.h: No such file or directory
   23 | #include <netdb.h>
      |          ^~~~~~~~~
compilation terminated.
configure:3726: $? = 1
configure: failed program was:
| /* confdefs.h */
| #define PACKAGE_NAME "Haskell network package"
| #define PACKAGE_TARNAME "network"
| #define PACKAGE_VERSION "3.1.1.0"
| #define PACKAGE_STRING "Haskell network package 3.1.1.0"
| #define PACKAGE_BUGREPORT "libraries@haskell.org"
| #define PACKAGE_URL ""
| #define STDC_HEADERS 1
| #define HAVE_SYS_TYPES_H 1
| #define HAVE_SYS_STAT_H 1
| #define HAVE_STDLIB_H 1
| #define HAVE_MEMORY_H 1
| #define HAVE_STRINGS_H 1
| #define HAVE_INTTYPES_H 1
| #define HAVE_STDINT_H 1
| #define HAVE_UNISTD_H 1
| #define HAVE_LIMITS_H 1
| #define HAVE_STDLIB_H 1
| #define HAVE_UNISTD_H 1
| #define HAVE_SYS_TYPES_H 1
| #define HAVE_FCNTL_H 1
| /* end confdefs.h.  */
| #include <netdb.h>
configure:3726: result: no
configure:3726: checking for netdb.h
configure:3726: result: no
configure:3739: checking net/if.h usability
configure:3739: C:\PROGRA~3\CHOCOL~1\lib\ghc\tools\GHC-81~1.2\lib\../mingw/bin\gcc.exe -c   conftest.c >&5
conftest.c:107:10: fatal error: net/if.h: No such file or directory
  107 | #include <net/if.h>
      |          ^~~~~~~~~~
compilation terminated.
configure:3739: $? = 1
configure: failed program was:
| /* confdefs.h */
| #define PACKAGE_NAME "Haskell network package"
| #define PACKAGE_TARNAME "network"
| #define PACKAGE_VERSION "3.1.1.0"
| #define PACKAGE_STRING "Haskell network package 3.1.1.0"
| #define PACKAGE_BUGREPORT "libraries@haskell.org"
| #define PACKAGE_URL ""
| #define STDC_HEADERS 1
| #define HAVE_SYS_TYPES_H 1
| #define HAVE_SYS_STAT_H 1
| #define HAVE_STDLIB_H 1
| #define HAVE_MEMORY_H 1
| #define HAVE_STRINGS_H 1
| #define HAVE_INTTYPES_H 1
| #define HAVE_STDINT_H 1
| #define HAVE_UNISTD_H 1
| #define HAVE_LIMITS_H 1
| #define HAVE_STDLIB_H 1
| #define HAVE_UNISTD_H 1
| #define HAVE_SYS_TYPES_H 1
| #define HAVE_FCNTL_H 1
| /* end confdefs.h.  */
| #define _GNU_SOURCE 1  /* for struct ucred on Linux */
| #include <stdio.h>
| #ifdef HAVE_SYS_TYPES_H
| # include <sys/types.h>
| #endif
| #ifdef HAVE_SYS_STAT_H
| # include <sys/stat.h>
| #endif
| #ifdef STDC_HEADERS
| # include <stdlib.h>
| # include <stddef.h>
| #else
| # ifdef HAVE_STDLIB_H
| #  include <stdlib.h>
| # endif
| #endif
| #ifdef HAVE_STRING_H
| # if !defined STDC_HEADERS && defined HAVE_MEMORY_H
| #  include <memory.h>
| # endif
| # include <string.h>
| #endif
| #ifdef HAVE_STRINGS_H
| # include <strings.h>
| #endif
| #ifdef HAVE_INTTYPES_H
| # include <inttypes.h>
| #endif
| #ifdef HAVE_STDINT_H
| # include <stdint.h>
| #endif
| #ifdef HAVE_UNISTD_H
| # include <unistd.h>
| #endif
| 
| #ifdef _WIN32
| # include <winsock2.h>
| # include <ws2tcpip.h>
| # define IPV6_V6ONLY 27
| #endif
| 
| #ifdef HAVE_LIMITS_H
| # include <limits.h>
| #endif
| #ifdef HAVE_STDLIB_H
| # include <stdlib.h>
| #endif
| #ifdef HAVE_UNISTD_H
| #include <unistd.h>
| #endif
| #ifdef HAVE_SYS_TYPES_H
| # include <sys/types.h>
| #endif
| #ifdef HAVE_FCNTL_H
| # include <fcntl.h>
| #endif
| #ifdef HAVE_SYS_UIO_H
| # include <sys/uio.h>
| #endif
| #ifdef HAVE_SYS_SOCKET_H
| # include <sys/socket.h>
| #endif
| #ifdef HAVE_NETINET_IN_H
| # include <netinet/in.h>
| #endif
| #ifdef HAVE_NETINET_TCP_H
| # include <netinet/tcp.h>
| #endif
| #ifdef HAVE_SYS_UN_H
| # include <sys/un.h>
| #endif
| #ifdef HAVE_ARPA_INET_H
| # include <arpa/inet.h>
| #endif
| #ifdef HAVE_NETDB_H
| #include <netdb.h>
| #endif
| #ifdef HAVE_NET_IF_H
| # include <net/if.h>
| #endif
| #ifdef HAVE_NETIOAPI_H
| # include <netioapi.h>
| #endif
| 
| #include <net/if.h>
configure:3739: result: no
configure:3739: checking net/if.h presence
configure:3739: C:\PROGRA~3\CHOCOL~1\lib\ghc\tools\GHC-81~1.2\lib\../mingw/bin\gcc.exe -E  conftest.c
conftest.c:23:10: fatal error: net/if.h: No such file or directory
   23 | #include <net/if.h>
      |          ^~~~~~~~~~
compilation terminated.
configure:3739: $? = 1
configure: failed program was:
| /* confdefs.h */
| #define PACKAGE_NAME "Haskell network package"
| #define PACKAGE_TARNAME "network"
| #define PACKAGE_VERSION "3.1.1.0"
| #define PACKAGE_STRING "Haskell network package 3.1.1.0"
| #define PACKAGE_BUGREPORT "libraries@haskell.org"
| #define PACKAGE_URL ""
| #define STDC_HEADERS 1
| #define HAVE_SYS_TYPES_H 1
| #define HAVE_SYS_STAT_H 1
| #define HAVE_STDLIB_H 1
| #define HAVE_MEMORY_H 1
| #define HAVE_STRINGS_H 1
| #define HAVE_INTTYPES_H 1
| #define HAVE_STDINT_H 1
| #define HAVE_UNISTD_H 1
| #define HAVE_LIMITS_H 1
| #define HAVE_STDLIB_H 1
| #define HAVE_UNISTD_H 1
| #define HAVE_SYS_TYPES_H 1
| #define HAVE_FCNTL_H 1
| /* end confdefs.h.  */
| #include <net/if.h>
configure:3739: result: no
configure:3739: checking for net/if.h
configure:3739: result: no
configure:3739: checking netioapi.h usability
configure:3739: C:\PROGRA~3\CHOCOL~1\lib\ghc\tools\GHC-81~1.2\lib\../mingw/bin\gcc.exe -c   conftest.c >&5
configure:3739: $? = 0
configure:3739: result: yes
configure:3739: checking netioapi.h presence
configure:3739: C:\PROGRA~3\CHOCOL~1\lib\ghc\tools\GHC-81~1.2\lib\../mingw/bin\gcc.exe -E  conftest.c
configure:3739: $? = 0
configure:3739: result: yes
configure:3739: checking for netioapi.h
configure:3739: result: yes
configure:3750: checking for struct ucred
configure:3750: C:\PROGRA~3\CHOCOL~1\lib\ghc\tools\GHC-81~1.2\lib\../mingw/bin\gcc.exe -c   conftest.c >&5
conftest.c: In function 'main':
conftest.c:111:13: error: invalid application of 'sizeof' to incomplete type 'struct ucred'
  111 | if (sizeof (struct ucred))
      |             ^~~~~~
configure:3750: $? = 1
configure: failed program was:
| /* confdefs.h */
| #define PACKAGE_NAME "Haskell network package"
| #define PACKAGE_TARNAME "network"
| #define PACKAGE_VERSION "3.1.1.0"
| #define PACKAGE_STRING "Haskell network package 3.1.1.0"
| #define PACKAGE_BUGREPORT "libraries@haskell.org"
| #define PACKAGE_URL ""
| #define STDC_HEADERS 1
| #define HAVE_SYS_TYPES_H 1
| #define HAVE_SYS_STAT_H 1
| #define HAVE_STDLIB_H 1
| #define HAVE_MEMORY_H 1
| #define HAVE_STRINGS_H 1
| #define HAVE_INTTYPES_H 1
| #define HAVE_STDINT_H 1
| #define HAVE_UNISTD_H 1
| #define HAVE_LIMITS_H 1
| #define HAVE_STDLIB_H 1
| #define HAVE_UNISTD_H 1
| #define HAVE_SYS_TYPES_H 1
| #define HAVE_FCNTL_H 1
| #define HAVE_NETIOAPI_H 1
| /* end confdefs.h.  */
| #define _GNU_SOURCE 1  /* for struct ucred on Linux */
| #include <stdio.h>
| #ifdef HAVE_SYS_TYPES_H
| # include <sys/types.h>
| #endif
| #ifdef HAVE_SYS_STAT_H
| # include <sys/stat.h>
| #endif
| #ifdef STDC_HEADERS
| # include <stdlib.h>
| # include <stddef.h>
| #else
| # ifdef HAVE_STDLIB_H
| #  include <stdlib.h>
| # endif
| #endif
| #ifdef HAVE_STRING_H
| # if !defined STDC_HEADERS && defined HAVE_MEMORY_H
| #  include <memory.h>
| # endif
| # include <string.h>
| #endif
| #ifdef HAVE_STRINGS_H
| # include <strings.h>
| #endif
| #ifdef HAVE_INTTYPES_H
| # include <inttypes.h>
| #endif
| #ifdef HAVE_STDINT_H
| # include <stdint.h>
| #endif
| #ifdef HAVE_UNISTD_H
| # include <unistd.h>
| #endif
| 
| #ifdef _WIN32
| # include <winsock2.h>
| # include <ws2tcpip.h>
| # define IPV6_V6ONLY 27
| #endif
| 
| #ifdef HAVE_LIMITS_H
| # include <limits.h>
| #endif
| #ifdef HAVE_STDLIB_H
| # include <stdlib.h>
| #endif
| #ifdef HAVE_UNISTD_H
| #include <unistd.h>
| #endif
| #ifdef HAVE_SYS_TYPES_H
| # include <sys/types.h>
| #endif
| #ifdef HAVE_FCNTL_H
| # include <fcntl.h>
| #endif
| #ifdef HAVE_SYS_UIO_H
| # include <sys/uio.h>
| #endif
| #ifdef HAVE_SYS_SOCKET_H
| # include <sys/socket.h>
| #endif
| #ifdef HAVE_NETINET_IN_H
| # include <netinet/in.h>
| #endif
| #ifdef HAVE_NETINET_TCP_H
| # include <netinet/tcp.h>
| #endif
| #ifdef HAVE_SYS_UN_H
| # include <sys/un.h>
| #endif
| #ifdef HAVE_ARPA_INET_H
| # include <arpa/inet.h>
| #endif
| #ifdef HAVE_NETDB_H
| #include <netdb.h>
| #endif
| #ifdef HAVE_NET_IF_H
| # include <net/if.h>
| #endif
| #ifdef HAVE_NETIOAPI_H
| # include <netioapi.h>
| #endif
| 
| int
| main ()
| {
| if (sizeof (struct ucred))
| 	 return 0;
|   ;
|   return 0;
| }
configure:3750: result: no
configure:3764: checking for gai_strerror
configure:3764: C:\PROGRA~3\CHOCOL~1\lib\ghc\tools\GHC-81~1.2\lib\../mingw/bin\gcc.exe -o conftest.exe    conftest.c  >&5
C://PROGRA~3//CHOCOL~1//lib//ghc//tools//GHC-81~1.2//mingw//bin/ld.exe: C:\Users\User\AppData\Local\Temp\ccSEjpA8.o:conftest.c:(.text+0xe): undefined reference to `gai_strerror'
collect2.exe: error: ld returned 1 exit status
configure:3764: $? = 1
configure: failed program was:
| /* confdefs.h */
| #define PACKAGE_NAME "Haskell network package"
| #define PACKAGE_TARNAME "network"
| #define PACKAGE_VERSION "3.1.1.0"
| #define PACKAGE_STRING "Haskell network package 3.1.1.0"
| #define PACKAGE_BUGREPORT "libraries@haskell.org"
| #define PACKAGE_URL ""
| #define STDC_HEADERS 1
| #define HAVE_SYS_TYPES_H 1
| #define HAVE_SYS_STAT_H 1
| #define HAVE_STDLIB_H 1
| #define HAVE_MEMORY_H 1
| #define HAVE_STRINGS_H 1
| #define HAVE_INTTYPES_H 1
| #define HAVE_STDINT_H 1
| #define HAVE_UNISTD_H 1
| #define HAVE_LIMITS_H 1
| #define HAVE_STDLIB_H 1
| #define HAVE_UNISTD_H 1
| #define HAVE_SYS_TYPES_H 1
| #define HAVE_FCNTL_H 1
| #define HAVE_NETIOAPI_H 1
| /* end confdefs.h.  */
| /* Define gai_strerror to an innocuous variant, in case <limits.h> declares gai_strerror.
|    For example, HP-UX 11i <limits.h> declares gettimeofday.  */
| #define gai_strerror innocuous_gai_strerror
| 
| /* System header to define __stub macros and hopefully few prototypes,
|     which can conflict with char gai_strerror (); below.
|     Prefer <limits.h> to <assert.h> if __STDC__ is defined, since
|     <limits.h> exists even on freestanding compilers.  */
| 
| #ifdef __STDC__
| # include <limits.h>
| #else
| # include <assert.h>
| #endif
| 
| #undef gai_strerror
| 
| /* Override any GCC internal prototype to avoid an error.
|    Use char because int might match the return type of a GCC
|    builtin and then its argument prototype would still apply.  */
| #ifdef __cplusplus
| extern "C"
| #endif
| char gai_strerror ();
| /* The GNU C library defines this for functions which it implements
|     to always fail with ENOSYS.  Some functions are actually named
|     something starting with __ and the normal name is an alias.  */
| #if defined __stub_gai_strerror || defined __stub___gai_strerror
| choke me
| #endif
| 
| int
| main ()
| {
| return gai_strerror ();
|   ;
|   return 0;
| }
configure:3764: result: no
configure:3764: checking for gethostent
configure:3764: C:\PROGRA~3\CHOCOL~1\lib\ghc\tools\GHC-81~1.2\lib\../mingw/bin\gcc.exe -o conftest.exe    conftest.c  >&5
C://PROGRA~3//CHOCOL~1//lib//ghc//tools//GHC-81~1.2//mingw//bin/ld.exe: C:\Users\User\AppData\Local\Temp\cck8X8Um.o:conftest.c:(.text+0xe): undefined reference to `gethostent'
collect2.exe: error: ld returned 1 exit status
configure:3764: $? = 1
configure: failed program was:
| /* confdefs.h */
| #define PACKAGE_NAME "Haskell network package"
| #define PACKAGE_TARNAME "network"
| #define PACKAGE_VERSION "3.1.1.0"
| #define PACKAGE_STRING "Haskell network package 3.1.1.0"
| #define PACKAGE_BUGREPORT "libraries@haskell.org"
| #define PACKAGE_URL ""
| #define STDC_HEADERS 1
| #define HAVE_SYS_TYPES_H 1
| #define HAVE_SYS_STAT_H 1
| #define HAVE_STDLIB_H 1
| #define HAVE_MEMORY_H 1
| #define HAVE_STRINGS_H 1
| #define HAVE_INTTYPES_H 1
| #define HAVE_STDINT_H 1
| #define HAVE_UNISTD_H 1
| #define HAVE_LIMITS_H 1
| #define HAVE_STDLIB_H 1
| #define HAVE_UNISTD_H 1
| #define HAVE_SYS_TYPES_H 1
| #define HAVE_FCNTL_H 1
| #define HAVE_NETIOAPI_H 1
| /* end confdefs.h.  */
| /* Define gethostent to an innocuous variant, in case <limits.h> declares gethostent.
|    For example, HP-UX 11i <limits.h> declares gettimeofday.  */
| #define gethostent innocuous_gethostent
| 
| /* System header to define __stub macros and hopefully few prototypes,
|     which can conflict with char gethostent (); below.
|     Prefer <limits.h> to <assert.h> if __STDC__ is defined, since
|     <limits.h> exists even on freestanding compilers.  */
| 
| #ifdef __STDC__
| # include <limits.h>
| #else
| # include <assert.h>
| #endif
| 
| #undef gethostent
| 
| /* Override any GCC internal prototype to avoid an error.
|    Use char because int might match the return type of a GCC
|    builtin and then its argument prototype would still apply.  */
| #ifdef __cplusplus
| extern "C"
| #endif
| char gethostent ();
| /* The GNU C library defines this for functions which it implements
|     to always fail with ENOSYS.  Some functions are actually named
|     something starting with __ and the normal name is an alias.  */
| #if defined __stub_gethostent || defined __stub___gethostent
| choke me
| #endif
| 
| int
| main ()
| {
| return gethostent ();
|   ;
|   return 0;
| }
configure:3764: result: no
configure:3764: checking for accept4
configure:3764: C:\PROGRA~3\CHOCOL~1\lib\ghc\tools\GHC-81~1.2\lib\../mingw/bin\gcc.exe -o conftest.exe    conftest.c  >&5
C://PROGRA~3//CHOCOL~1//lib//ghc//tools//GHC-81~1.2//mingw//bin/ld.exe: C:\Users\User\AppData\Local\Temp\ccGr61JU.o:conftest.c:(.text+0xe): undefined reference to `accept4'
collect2.exe: error: ld returned 1 exit status
configure:3764: $? = 1
configure: failed program was:
| /* confdefs.h */
| #define PACKAGE_NAME "Haskell network package"
| #define PACKAGE_TARNAME "network"
| #define PACKAGE_VERSION "3.1.1.0"
| #define PACKAGE_STRING "Haskell network package 3.1.1.0"
| #define PACKAGE_BUGREPORT "libraries@haskell.org"
| #define PACKAGE_URL ""
| #define STDC_HEADERS 1
| #define HAVE_SYS_TYPES_H 1
| #define HAVE_SYS_STAT_H 1
| #define HAVE_STDLIB_H 1
| #define HAVE_MEMORY_H 1
| #define HAVE_STRINGS_H 1
| #define HAVE_INTTYPES_H 1
| #define HAVE_STDINT_H 1
| #define HAVE_UNISTD_H 1
| #define HAVE_LIMITS_H 1
| #define HAVE_STDLIB_H 1
| #define HAVE_UNISTD_H 1
| #define HAVE_SYS_TYPES_H 1
| #define HAVE_FCNTL_H 1
| #define HAVE_NETIOAPI_H 1
| /* end confdefs.h.  */
| /* Define accept4 to an innocuous variant, in case <limits.h> declares accept4.
|    For example, HP-UX 11i <limits.h> declares gettimeofday.  */
| #define accept4 innocuous_accept4
| 
| /* System header to define __stub macros and hopefully few prototypes,
|     which can conflict with char accept4 (); below.
|     Prefer <limits.h> to <assert.h> if __STDC__ is defined, since
|     <limits.h> exists even on freestanding compilers.  */
| 
| #ifdef __STDC__
| # include <limits.h>
| #else
| # include <assert.h>
| #endif
| 
| #undef accept4
| 
| /* Override any GCC internal prototype to avoid an error.
|    Use char because int might match the return type of a GCC
|    builtin and then its argument prototype would still apply.  */
| #ifdef __cplusplus
| extern "C"
| #endif
| char accept4 ();
| /* The GNU C library defines this for functions which it implements
|     to always fail with ENOSYS.  Some functions are actually named
|     something starting with __ and the normal name is an alias.  */
| #if defined __stub_accept4 || defined __stub___accept4
| choke me
| #endif
| 
| int
| main ()
| {
| return accept4 ();
|   ;
|   return 0;
| }
configure:3764: result: no
configure:3775: checking for getpeereid
configure:3775: C:\PROGRA~3\CHOCOL~1\lib\ghc\tools\GHC-81~1.2\lib\../mingw/bin\gcc.exe -o conftest.exe    conftest.c  >&5
C://PROGRA~3//CHOCOL~1//lib//ghc//tools//GHC-81~1.2//mingw//bin/ld.exe: C:\Users\User\AppData\Local\Temp\ccSqjxKW.o:conftest.c:(.text+0xe): undefined reference to `getpeereid'
collect2.exe: error: ld returned 1 exit status
configure:3775: $? = 1
configure: failed program was:
| /* confdefs.h */
| #define PACKAGE_NAME "Haskell network package"
| #define PACKAGE_TARNAME "network"
| #define PACKAGE_VERSION "3.1.1.0"
| #define PACKAGE_STRING "Haskell network package 3.1.1.0"
| #define PACKAGE_BUGREPORT "libraries@haskell.org"
| #define PACKAGE_URL ""
| #define STDC_HEADERS 1
| #define HAVE_SYS_TYPES_H 1
| #define HAVE_SYS_STAT_H 1
| #define HAVE_STDLIB_H 1
| #define HAVE_MEMORY_H 1
| #define HAVE_STRINGS_H 1
| #define HAVE_INTTYPES_H 1
| #define HAVE_STDINT_H 1
| #define HAVE_UNISTD_H 1
| #define HAVE_LIMITS_H 1
| #define HAVE_STDLIB_H 1
| #define HAVE_UNISTD_H 1
| #define HAVE_SYS_TYPES_H 1
| #define HAVE_FCNTL_H 1
| #define HAVE_NETIOAPI_H 1
| /* end confdefs.h.  */
| /* Define getpeereid to an innocuous variant, in case <limits.h> declares getpeereid.
|    For example, HP-UX 11i <limits.h> declares gettimeofday.  */
| #define getpeereid innocuous_getpeereid
| 
| /* System header to define __stub macros and hopefully few prototypes,
|     which can conflict with char getpeereid (); below.
|     Prefer <limits.h> to <assert.h> if __STDC__ is defined, since
|     <limits.h> exists even on freestanding compilers.  */
| 
| #ifdef __STDC__
| # include <limits.h>
| #else
| # include <assert.h>
| #endif
| 
| #undef getpeereid
| 
| /* Override any GCC internal prototype to avoid an error.
|    Use char because int might match the return type of a GCC
|    builtin and then its argument prototype would still apply.  */
| #ifdef __cplusplus
| extern "C"
| #endif
| char getpeereid ();
| /* The GNU C library defines this for functions which it implements
|     to always fail with ENOSYS.  Some functions are actually named
|     something starting with __ and the normal name is an alias.  */
| #if defined __stub_getpeereid || defined __stub___getpeereid
| choke me
| #endif
| 
| int
| main ()
| {
| return getpeereid ();
|   ;
|   return 0;
| }
configure:3775: result: no
configure:3785: checking whether AI_ADDRCONFIG is declared
configure:3785: C:\PROGRA~3\CHOCOL~1\lib\ghc\tools\GHC-81~1.2\lib\../mingw/bin\gcc.exe -c   conftest.c >&5
configure:3785: $? = 0
configure:3785: result: yes
configure:3795: checking whether AI_ALL is declared
configure:3795: C:\PROGRA~3\CHOCOL~1\lib\ghc\tools\GHC-81~1.2\lib\../mingw/bin\gcc.exe -c   conftest.c >&5
configure:3795: $? = 0
configure:3795: result: yes
configure:3805: checking whether AI_NUMERICSERV is declared
configure:3805: C:\PROGRA~3\CHOCOL~1\lib\ghc\tools\GHC-81~1.2\lib\../mingw/bin\gcc.exe -c   conftest.c >&5
configure:3805: $? = 0
configure:3805: result: yes
configure:3815: checking whether AI_V4MAPPED is declared
configure:3815: C:\PROGRA~3\CHOCOL~1\lib\ghc\tools\GHC-81~1.2\lib\../mingw/bin\gcc.exe -c   conftest.c >&5
configure:3815: $? = 0
configure:3815: result: yes
configure:3826: checking whether IPV6_V6ONLY is declared
configure:3826: C:\PROGRA~3\CHOCOL~1\lib\ghc\tools\GHC-81~1.2\lib\../mingw/bin\gcc.exe -c   conftest.c >&5
configure:3826: $? = 0
configure:3826: result: yes
configure:3837: checking whether IPPROTO_IP is declared
configure:3837: C:\PROGRA~3\CHOCOL~1\lib\ghc\tools\GHC-81~1.2\lib\../mingw/bin\gcc.exe -c   conftest.c >&5
configure:3837: $? = 0
configure:3837: result: yes
configure:3847: checking whether IPPROTO_TCP is declared
configure:3847: C:\PROGRA~3\CHOCOL~1\lib\ghc\tools\GHC-81~1.2\lib\../mingw/bin\gcc.exe -c   conftest.c >&5
configure:3847: $? = 0
configure:3847: result: yes
configure:3857: checking whether IPPROTO_IPV6 is declared
configure:3857: C:\PROGRA~3\CHOCOL~1\lib\ghc\tools\GHC-81~1.2\lib\../mingw/bin\gcc.exe -c   conftest.c >&5
configure:3857: $? = 0
configure:3857: result: yes
configure:3868: checking whether SO_PEERCRED is declared
configure:3868: C:\PROGRA~3\CHOCOL~1\lib\ghc\tools\GHC-81~1.2\lib\../mingw/bin\gcc.exe -c   conftest.c >&5
conftest.c: In function 'main':
conftest.c:123:10: error: 'SO_PEERCRED' undeclared (first use in this function)
  123 |   (void) SO_PEERCRED;
      |          ^~~~~~~~~~~
conftest.c:123:10: note: each undeclared identifier is reported only once for each function it appears in
configure:3868: $? = 1
configure: failed program was:
| /* confdefs.h */
| #define PACKAGE_NAME "Haskell network package"
| #define PACKAGE_TARNAME "network"
| #define PACKAGE_VERSION "3.1.1.0"
| #define PACKAGE_STRING "Haskell network package 3.1.1.0"
| #define PACKAGE_BUGREPORT "libraries@haskell.org"
| #define PACKAGE_URL ""
| #define STDC_HEADERS 1
| #define HAVE_SYS_TYPES_H 1
| #define HAVE_SYS_STAT_H 1
| #define HAVE_STDLIB_H 1
| #define HAVE_MEMORY_H 1
| #define HAVE_STRINGS_H 1
| #define HAVE_INTTYPES_H 1
| #define HAVE_STDINT_H 1
| #define HAVE_UNISTD_H 1
| #define HAVE_LIMITS_H 1
| #define HAVE_STDLIB_H 1
| #define HAVE_UNISTD_H 1
| #define HAVE_SYS_TYPES_H 1
| #define HAVE_FCNTL_H 1
| #define HAVE_NETIOAPI_H 1
| #define HAVE_DECL_AI_ADDRCONFIG 1
| #define HAVE_DECL_AI_ALL 1
| #define HAVE_DECL_AI_NUMERICSERV 1
| #define HAVE_DECL_AI_V4MAPPED 1
| #define HAVE_DECL_IPV6_V6ONLY 1
| #define HAVE_DECL_IPPROTO_IP 1
| #define HAVE_DECL_IPPROTO_TCP 1
| #define HAVE_DECL_IPPROTO_IPV6 1
| /* end confdefs.h.  */
| #define _GNU_SOURCE 1  /* for struct ucred on Linux */
| #include <stdio.h>
| #ifdef HAVE_SYS_TYPES_H
| # include <sys/types.h>
| #endif
| #ifdef HAVE_SYS_STAT_H
| # include <sys/stat.h>
| #endif
| #ifdef STDC_HEADERS
| # include <stdlib.h>
| # include <stddef.h>
| #else
| # ifdef HAVE_STDLIB_H
| #  include <stdlib.h>
| # endif
| #endif
| #ifdef HAVE_STRING_H
| # if !defined STDC_HEADERS && defined HAVE_MEMORY_H
| #  include <memory.h>
| # endif
| # include <string.h>
| #endif
| #ifdef HAVE_STRINGS_H
| # include <strings.h>
| #endif
| #ifdef HAVE_INTTYPES_H
| # include <inttypes.h>
| #endif
| #ifdef HAVE_STDINT_H
| # include <stdint.h>
| #endif
| #ifdef HAVE_UNISTD_H
| # include <unistd.h>
| #endif
| 
| #ifdef _WIN32
| # include <winsock2.h>
| # include <ws2tcpip.h>
| # define IPV6_V6ONLY 27
| #endif
| 
| #ifdef HAVE_LIMITS_H
| # include <limits.h>
| #endif
| #ifdef HAVE_STDLIB_H
| # include <stdlib.h>
| #endif
| #ifdef HAVE_UNISTD_H
| #include <unistd.h>
| #endif
| #ifdef HAVE_SYS_TYPES_H
| # include <sys/types.h>
| #endif
| #ifdef HAVE_FCNTL_H
| # include <fcntl.h>
| #endif
| #ifdef HAVE_SYS_UIO_H
| # include <sys/uio.h>
| #endif
| #ifdef HAVE_SYS_SOCKET_H
| # include <sys/socket.h>
| #endif
| #ifdef HAVE_NETINET_IN_H
| # include <netinet/in.h>
| #endif
| #ifdef HAVE_NETINET_TCP_H
| # include <netinet/tcp.h>
| #endif
| #ifdef HAVE_SYS_UN_H
| # include <sys/un.h>
| #endif
| #ifdef HAVE_ARPA_INET_H
| # include <arpa/inet.h>
| #endif
| #ifdef HAVE_NETDB_H
| #include <netdb.h>
| #endif
| #ifdef HAVE_NET_IF_H
| # include <net/if.h>
| #endif
| #ifdef HAVE_NETIOAPI_H
| # include <netioapi.h>
| #endif
| 
| int
| main ()
| {
| #ifndef SO_PEERCRED
| #ifdef __cplusplus
|   (void) SO_PEERCRED;
| #else
|   (void) SO_PEERCRED;
| #endif
| #endif
| 
|   ;
|   return 0;
| }
configure:3868: result: no
configure:3880: checking for struct msghdr.msg_control
configure:3880: C:\PROGRA~3\CHOCOL~1\lib\ghc\tools\GHC-81~1.2\lib\../mingw/bin\gcc.exe -c   conftest.c >&5
conftest.c: In function 'main':
conftest.c:120:22: error: storage size of 'ac_aggr' isn't known
  120 | static struct msghdr ac_aggr;
      |                      ^~~~~~~
configure:3880: $? = 1
configure: failed program was:
| /* confdefs.h */
| #define PACKAGE_NAME "Haskell network package"
| #define PACKAGE_TARNAME "network"
| #define PACKAGE_VERSION "3.1.1.0"
| #define PACKAGE_STRING "Haskell network package 3.1.1.0"
| #define PACKAGE_BUGREPORT "libraries@haskell.org"
| #define PACKAGE_URL ""
| #define STDC_HEADERS 1
| #define HAVE_SYS_TYPES_H 1
| #define HAVE_SYS_STAT_H 1
| #define HAVE_STDLIB_H 1
| #define HAVE_MEMORY_H 1
| #define HAVE_STRINGS_H 1
| #define HAVE_INTTYPES_H 1
| #define HAVE_STDINT_H 1
| #define HAVE_UNISTD_H 1
| #define HAVE_LIMITS_H 1
| #define HAVE_STDLIB_H 1
| #define HAVE_UNISTD_H 1
| #define HAVE_SYS_TYPES_H 1
| #define HAVE_FCNTL_H 1
| #define HAVE_NETIOAPI_H 1
| #define HAVE_DECL_AI_ADDRCONFIG 1
| #define HAVE_DECL_AI_ALL 1
| #define HAVE_DECL_AI_NUMERICSERV 1
| #define HAVE_DECL_AI_V4MAPPED 1
| #define HAVE_DECL_IPV6_V6ONLY 1
| #define HAVE_DECL_IPPROTO_IP 1
| #define HAVE_DECL_IPPROTO_TCP 1
| #define HAVE_DECL_IPPROTO_IPV6 1
| #define HAVE_DECL_SO_PEERCRED 0
| /* end confdefs.h.  */
| #define _GNU_SOURCE 1  /* for struct ucred on Linux */
| #include <stdio.h>
| #ifdef HAVE_SYS_TYPES_H
| # include <sys/types.h>
| #endif
| #ifdef HAVE_SYS_STAT_H
| # include <sys/stat.h>
| #endif
| #ifdef STDC_HEADERS
| # include <stdlib.h>
| # include <stddef.h>
| #else
| # ifdef HAVE_STDLIB_H
| #  include <stdlib.h>
| # endif
| #endif
| #ifdef HAVE_STRING_H
| # if !defined STDC_HEADERS && defined HAVE_MEMORY_H
| #  include <memory.h>
| # endif
| # include <string.h>
| #endif
| #ifdef HAVE_STRINGS_H
| # include <strings.h>
| #endif
| #ifdef HAVE_INTTYPES_H
| # include <inttypes.h>
| #endif
| #ifdef HAVE_STDINT_H
| # include <stdint.h>
| #endif
| #ifdef HAVE_UNISTD_H
| # include <unistd.h>
| #endif
| 
| #ifdef _WIN32
| # include <winsock2.h>
| # include <ws2tcpip.h>
| # define IPV6_V6ONLY 27
| #endif
| 
| #ifdef HAVE_LIMITS_H
| # include <limits.h>
| #endif
| #ifdef HAVE_STDLIB_H
| # include <stdlib.h>
| #endif
| #ifdef HAVE_UNISTD_H
| #include <unistd.h>
| #endif
| #ifdef HAVE_SYS_TYPES_H
| # include <sys/types.h>
| #endif
| #ifdef HAVE_FCNTL_H
| # include <fcntl.h>
| #endif
| #ifdef HAVE_SYS_UIO_H
| # include <sys/uio.h>
| #endif
| #ifdef HAVE_SYS_SOCKET_H
| # include <sys/socket.h>
| #endif
| #ifdef HAVE_NETINET_IN_H
| # include <netinet/in.h>
| #endif
| #ifdef HAVE_NETINET_TCP_H
| # include <netinet/tcp.h>
| #endif
| #ifdef HAVE_SYS_UN_H
| # include <sys/un.h>
| #endif
| #ifdef HAVE_ARPA_INET_H
| # include <arpa/inet.h>
| #endif
| #ifdef HAVE_NETDB_H
| #include <netdb.h>
| #endif
| #ifdef HAVE_NET_IF_H
| # include <net/if.h>
| #endif
| #ifdef HAVE_NETIOAPI_H
| # include <netioapi.h>
| #endif
| 
| int
| main ()
| {
| static struct msghdr ac_aggr;
| if (ac_aggr.msg_control)
| return 0;
|   ;
|   return 0;
| }
configure:3880: C:\PROGRA~3\CHOCOL~1\lib\ghc\tools\GHC-81~1.2\lib\../mingw/bin\gcc.exe -c   conftest.c >&5
conftest.c: In function 'main':
conftest.c:120:22: error: storage size of 'ac_aggr' isn't known
  120 | static struct msghdr ac_aggr;
      |                      ^~~~~~~
configure:3880: $? = 1
configure: failed program was:
| /* confdefs.h */
| #define PACKAGE_NAME "Haskell network package"
| #define PACKAGE_TARNAME "network"
| #define PACKAGE_VERSION "3.1.1.0"
| #define PACKAGE_STRING "Haskell network package 3.1.1.0"
| #define PACKAGE_BUGREPORT "libraries@haskell.org"
| #define PACKAGE_URL ""
| #define STDC_HEADERS 1
| #define HAVE_SYS_TYPES_H 1
| #define HAVE_SYS_STAT_H 1
| #define HAVE_STDLIB_H 1
| #define HAVE_MEMORY_H 1
| #define HAVE_STRINGS_H 1
| #define HAVE_INTTYPES_H 1
| #define HAVE_STDINT_H 1
| #define HAVE_UNISTD_H 1
| #define HAVE_LIMITS_H 1
| #define HAVE_STDLIB_H 1
| #define HAVE_UNISTD_H 1
| #define HAVE_SYS_TYPES_H 1
| #define HAVE_FCNTL_H 1
| #define HAVE_NETIOAPI_H 1
| #define HAVE_DECL_AI_ADDRCONFIG 1
| #define HAVE_DECL_AI_ALL 1
| #define HAVE_DECL_AI_NUMERICSERV 1
| #define HAVE_DECL_AI_V4MAPPED 1
| #define HAVE_DECL_IPV6_V6ONLY 1
| #define HAVE_DECL_IPPROTO_IP 1
| #define HAVE_DECL_IPPROTO_TCP 1
| #define HAVE_DECL_IPPROTO_IPV6 1
| #define HAVE_DECL_SO_PEERCRED 0
| /* end confdefs.h.  */
| #define _GNU_SOURCE 1  /* for struct ucred on Linux */
| #include <stdio.h>
| #ifdef HAVE_SYS_TYPES_H
| # include <sys/types.h>
| #endif
| #ifdef HAVE_SYS_STAT_H
| # include <sys/stat.h>
| #endif
| #ifdef STDC_HEADERS
| # include <stdlib.h>
| # include <stddef.h>
| #else
| # ifdef HAVE_STDLIB_H
| #  include <stdlib.h>
| # endif
| #endif
| #ifdef HAVE_STRING_H
| # if !defined STDC_HEADERS && defined HAVE_MEMORY_H
| #  include <memory.h>
| # endif
| # include <string.h>
| #endif
| #ifdef HAVE_STRINGS_H
| # include <strings.h>
| #endif
| #ifdef HAVE_INTTYPES_H
| # include <inttypes.h>
| #endif
| #ifdef HAVE_STDINT_H
| # include <stdint.h>
| #endif
| #ifdef HAVE_UNISTD_H
| # include <unistd.h>
| #endif
| 
| #ifdef _WIN32
| # include <winsock2.h>
| # include <ws2tcpip.h>
| # define IPV6_V6ONLY 27
| #endif
| 
| #ifdef HAVE_LIMITS_H
| # include <limits.h>
| #endif
| #ifdef HAVE_STDLIB_H
| # include <stdlib.h>
| #endif
| #ifdef HAVE_UNISTD_H
| #include <unistd.h>
| #endif
| #ifdef HAVE_SYS_TYPES_H
| # include <sys/types.h>
| #endif
| #ifdef HAVE_FCNTL_H
| # include <fcntl.h>
| #endif
| #ifdef HAVE_SYS_UIO_H
| # include <sys/uio.h>
| #endif
| #ifdef HAVE_SYS_SOCKET_H
| # include <sys/socket.h>
| #endif
| #ifdef HAVE_NETINET_IN_H
| # include <netinet/in.h>
| #endif
| #ifdef HAVE_NETINET_TCP_H
| # include <netinet/tcp.h>
| #endif
| #ifdef HAVE_SYS_UN_H
| # include <sys/un.h>
| #endif
| #ifdef HAVE_ARPA_INET_H
| # include <arpa/inet.h>
| #endif
| #ifdef HAVE_NETDB_H
| #include <netdb.h>
| #endif
| #ifdef HAVE_NET_IF_H
| # include <net/if.h>
| #endif
| #ifdef HAVE_NETIOAPI_H
| # include <netioapi.h>
| #endif
| 
| int
| main ()
| {
| static struct msghdr ac_aggr;
| if (sizeof ac_aggr.msg_control)
| return 0;
|   ;
|   return 0;
| }
configure:3880: result: no
configure:3889: checking for struct msghdr.msg_accrights
configure:3889: C:\PROGRA~3\CHOCOL~1\lib\ghc\tools\GHC-81~1.2\lib\../mingw/bin\gcc.exe -c   conftest.c >&5
conftest.c: In function 'main':
conftest.c:120:22: error: storage size of 'ac_aggr' isn't known
  120 | static struct msghdr ac_aggr;
      |                      ^~~~~~~
configure:3889: $? = 1
configure: failed program was:
| /* confdefs.h */
| #define PACKAGE_NAME "Haskell network package"
| #define PACKAGE_TARNAME "network"
| #define PACKAGE_VERSION "3.1.1.0"
| #define PACKAGE_STRING "Haskell network package 3.1.1.0"
| #define PACKAGE_BUGREPORT "libraries@haskell.org"
| #define PACKAGE_URL ""
| #define STDC_HEADERS 1
| #define HAVE_SYS_TYPES_H 1
| #define HAVE_SYS_STAT_H 1
| #define HAVE_STDLIB_H 1
| #define HAVE_MEMORY_H 1
| #define HAVE_STRINGS_H 1
| #define HAVE_INTTYPES_H 1
| #define HAVE_STDINT_H 1
| #define HAVE_UNISTD_H 1
| #define HAVE_LIMITS_H 1
| #define HAVE_STDLIB_H 1
| #define HAVE_UNISTD_H 1
| #define HAVE_SYS_TYPES_H 1
| #define HAVE_FCNTL_H 1
| #define HAVE_NETIOAPI_H 1
| #define HAVE_DECL_AI_ADDRCONFIG 1
| #define HAVE_DECL_AI_ALL 1
| #define HAVE_DECL_AI_NUMERICSERV 1
| #define HAVE_DECL_AI_V4MAPPED 1
| #define HAVE_DECL_IPV6_V6ONLY 1
| #define HAVE_DECL_IPPROTO_IP 1
| #define HAVE_DECL_IPPROTO_TCP 1
| #define HAVE_DECL_IPPROTO_IPV6 1
| #define HAVE_DECL_SO_PEERCRED 0
| /* end confdefs.h.  */
| #define _GNU_SOURCE 1  /* for struct ucred on Linux */
| #include <stdio.h>
| #ifdef HAVE_SYS_TYPES_H
| # include <sys/types.h>
| #endif
| #ifdef HAVE_SYS_STAT_H
| # include <sys/stat.h>
| #endif
| #ifdef STDC_HEADERS
| # include <stdlib.h>
| # include <stddef.h>
| #else
| # ifdef HAVE_STDLIB_H
| #  include <stdlib.h>
| # endif
| #endif
| #ifdef HAVE_STRING_H
| # if !defined STDC_HEADERS && defined HAVE_MEMORY_H
| #  include <memory.h>
| # endif
| # include <string.h>
| #endif
| #ifdef HAVE_STRINGS_H
| # include <strings.h>
| #endif
| #ifdef HAVE_INTTYPES_H
| # include <inttypes.h>
| #endif
| #ifdef HAVE_STDINT_H
| # include <stdint.h>
| #endif
| #ifdef HAVE_UNISTD_H
| # include <unistd.h>
| #endif
| 
| #ifdef _WIN32
| # include <winsock2.h>
| # include <ws2tcpip.h>
| # define IPV6_V6ONLY 27
| #endif
| 
| #ifdef HAVE_LIMITS_H
| # include <limits.h>
| #endif
| #ifdef HAVE_STDLIB_H
| # include <stdlib.h>
| #endif
| #ifdef HAVE_UNISTD_H
| #include <unistd.h>
| #endif
| #ifdef HAVE_SYS_TYPES_H
| # include <sys/types.h>
| #endif
| #ifdef HAVE_FCNTL_H
| # include <fcntl.h>
| #endif
| #ifdef HAVE_SYS_UIO_H
| # include <sys/uio.h>
| #endif
| #ifdef HAVE_SYS_SOCKET_H
| # include <sys/socket.h>
| #endif
| #ifdef HAVE_NETINET_IN_H
| # include <netinet/in.h>
| #endif
| #ifdef HAVE_NETINET_TCP_H
| # include <netinet/tcp.h>
| #endif
| #ifdef HAVE_SYS_UN_H
| # include <sys/un.h>
| #endif
| #ifdef HAVE_ARPA_INET_H
| # include <arpa/inet.h>
| #endif
| #ifdef HAVE_NETDB_H
| #include <netdb.h>
| #endif
| #ifdef HAVE_NET_IF_H
| # include <net/if.h>
| #endif
| #ifdef HAVE_NETIOAPI_H
| # include <netioapi.h>
| #endif
| 
| int
| main ()
| {
| static struct msghdr ac_aggr;
| if (ac_aggr.msg_accrights)
| return 0;
|   ;
|   return 0;
| }
configure:3889: C:\PROGRA~3\CHOCOL~1\lib\ghc\tools\GHC-81~1.2\lib\../mingw/bin\gcc.exe -c   conftest.c >&5
conftest.c: In function 'main':
conftest.c:120:22: error: storage size of 'ac_aggr' isn't known
  120 | static struct msghdr ac_aggr;
      |                      ^~~~~~~
configure:3889: $? = 1
configure: failed program was:
| /* confdefs.h */
| #define PACKAGE_NAME "Haskell network package"
| #define PACKAGE_TARNAME "network"
| #define PACKAGE_VERSION "3.1.1.0"
| #define PACKAGE_STRING "Haskell network package 3.1.1.0"
| #define PACKAGE_BUGREPORT "libraries@haskell.org"
| #define PACKAGE_URL ""
| #define STDC_HEADERS 1
| #define HAVE_SYS_TYPES_H 1
| #define HAVE_SYS_STAT_H 1
| #define HAVE_STDLIB_H 1
| #define HAVE_MEMORY_H 1
| #define HAVE_STRINGS_H 1
| #define HAVE_INTTYPES_H 1
| #define HAVE_STDINT_H 1
| #define HAVE_UNISTD_H 1
| #define HAVE_LIMITS_H 1
| #define HAVE_STDLIB_H 1
| #define HAVE_UNISTD_H 1
| #define HAVE_SYS_TYPES_H 1
| #define HAVE_FCNTL_H 1
| #define HAVE_NETIOAPI_H 1
| #define HAVE_DECL_AI_ADDRCONFIG 1
| #define HAVE_DECL_AI_ALL 1
| #define HAVE_DECL_AI_NUMERICSERV 1
| #define HAVE_DECL_AI_V4MAPPED 1
| #define HAVE_DECL_IPV6_V6ONLY 1
| #define HAVE_DECL_IPPROTO_IP 1
| #define HAVE_DECL_IPPROTO_TCP 1
| #define HAVE_DECL_IPPROTO_IPV6 1
| #define HAVE_DECL_SO_PEERCRED 0
| /* end confdefs.h.  */
| #define _GNU_SOURCE 1  /* for struct ucred on Linux */
| #include <stdio.h>
| #ifdef HAVE_SYS_TYPES_H
| # include <sys/types.h>
| #endif
| #ifdef HAVE_SYS_STAT_H
| # include <sys/stat.h>
| #endif
| #ifdef STDC_HEADERS
| # include <stdlib.h>
| # include <stddef.h>
| #else
| # ifdef HAVE_STDLIB_H
| #  include <stdlib.h>
| # endif
| #endif
| #ifdef HAVE_STRING_H
| # if !defined STDC_HEADERS && defined HAVE_MEMORY_H
| #  include <memory.h>
| # endif
| # include <string.h>
| #endif
| #ifdef HAVE_STRINGS_H
| # include <strings.h>
| #endif
| #ifdef HAVE_INTTYPES_H
| # include <inttypes.h>
| #endif
| #ifdef HAVE_STDINT_H
| # include <stdint.h>
| #endif
| #ifdef HAVE_UNISTD_H
| # include <unistd.h>
| #endif
| 
| #ifdef _WIN32
| # include <winsock2.h>
| # include <ws2tcpip.h>
| # define IPV6_V6ONLY 27
| #endif
| 
| #ifdef HAVE_LIMITS_H
| # include <limits.h>
| #endif
| #ifdef HAVE_STDLIB_H
| # include <stdlib.h>
| #endif
| #ifdef HAVE_UNISTD_H
| #include <unistd.h>
| #endif
| #ifdef HAVE_SYS_TYPES_H
| # include <sys/types.h>
| #endif
| #ifdef HAVE_FCNTL_H
| # include <fcntl.h>
| #endif
| #ifdef HAVE_SYS_UIO_H
| # include <sys/uio.h>
| #endif
| #ifdef HAVE_SYS_SOCKET_H
| # include <sys/socket.h>
| #endif
| #ifdef HAVE_NETINET_IN_H
| # include <netinet/in.h>
| #endif
| #ifdef HAVE_NETINET_TCP_H
| # include <netinet/tcp.h>
| #endif
| #ifdef HAVE_SYS_UN_H
| # include <sys/un.h>
| #endif
| #ifdef HAVE_ARPA_INET_H
| # include <arpa/inet.h>
| #endif
| #ifdef HAVE_NETDB_H
| #include <netdb.h>
| #endif
| #ifdef HAVE_NET_IF_H
| # include <net/if.h>
| #endif
| #ifdef HAVE_NETIOAPI_H
| # include <netioapi.h>
| #endif
| 
| int
| main ()
| {
| static struct msghdr ac_aggr;
| if (sizeof ac_aggr.msg_accrights)
| return 0;
|   ;
|   return 0;
| }
configure:3889: result: no
configure:3899: checking for struct sockaddr.sa_len
configure:3899: C:\PROGRA~3\CHOCOL~1\lib\ghc\tools\GHC-81~1.2\lib\../mingw/bin\gcc.exe -c   conftest.c >&5
conftest.c: In function 'main':
conftest.c:121:12: error: 'struct sockaddr' has no member named 'sa_len'
  121 | if (ac_aggr.sa_len)
      |            ^
configure:3899: $? = 1
configure: failed program was:
| /* confdefs.h */
| #define PACKAGE_NAME "Haskell network package"
| #define PACKAGE_TARNAME "network"
| #define PACKAGE_VERSION "3.1.1.0"
| #define PACKAGE_STRING "Haskell network package 3.1.1.0"
| #define PACKAGE_BUGREPORT "libraries@haskell.org"
| #define PACKAGE_URL ""
| #define STDC_HEADERS 1
| #define HAVE_SYS_TYPES_H 1
| #define HAVE_SYS_STAT_H 1
| #define HAVE_STDLIB_H 1
| #define HAVE_MEMORY_H 1
| #define HAVE_STRINGS_H 1
| #define HAVE_INTTYPES_H 1
| #define HAVE_STDINT_H 1
| #define HAVE_UNISTD_H 1
| #define HAVE_LIMITS_H 1
| #define HAVE_STDLIB_H 1
| #define HAVE_UNISTD_H 1
| #define HAVE_SYS_TYPES_H 1
| #define HAVE_FCNTL_H 1
| #define HAVE_NETIOAPI_H 1
| #define HAVE_DECL_AI_ADDRCONFIG 1
| #define HAVE_DECL_AI_ALL 1
| #define HAVE_DECL_AI_NUMERICSERV 1
| #define HAVE_DECL_AI_V4MAPPED 1
| #define HAVE_DECL_IPV6_V6ONLY 1
| #define HAVE_DECL_IPPROTO_IP 1
| #define HAVE_DECL_IPPROTO_TCP 1
| #define HAVE_DECL_IPPROTO_IPV6 1
| #define HAVE_DECL_SO_PEERCRED 0
| /* end confdefs.h.  */
| #define _GNU_SOURCE 1  /* for struct ucred on Linux */
| #include <stdio.h>
| #ifdef HAVE_SYS_TYPES_H
| # include <sys/types.h>
| #endif
| #ifdef HAVE_SYS_STAT_H
| # include <sys/stat.h>
| #endif
| #ifdef STDC_HEADERS
| # include <stdlib.h>
| # include <stddef.h>
| #else
| # ifdef HAVE_STDLIB_H
| #  include <stdlib.h>
| # endif
| #endif
| #ifdef HAVE_STRING_H
| # if !defined STDC_HEADERS && defined HAVE_MEMORY_H
| #  include <memory.h>
| # endif
| # include <string.h>
| #endif
| #ifdef HAVE_STRINGS_H
| # include <strings.h>
| #endif
| #ifdef HAVE_INTTYPES_H
| # include <inttypes.h>
| #endif
| #ifdef HAVE_STDINT_H
| # include <stdint.h>
| #endif
| #ifdef HAVE_UNISTD_H
| # include <unistd.h>
| #endif
| 
| #ifdef _WIN32
| # include <winsock2.h>
| # include <ws2tcpip.h>
| # define IPV6_V6ONLY 27
| #endif
| 
| #ifdef HAVE_LIMITS_H
| # include <limits.h>
| #endif
| #ifdef HAVE_STDLIB_H
| # include <stdlib.h>
| #endif
| #ifdef HAVE_UNISTD_H
| #include <unistd.h>
| #endif
| #ifdef HAVE_SYS_TYPES_H
| # include <sys/types.h>
| #endif
| #ifdef HAVE_FCNTL_H
| # include <fcntl.h>
| #endif
| #ifdef HAVE_SYS_UIO_H
| # include <sys/uio.h>
| #endif
| #ifdef HAVE_SYS_SOCKET_H
| # include <sys/socket.h>
| #endif
| #ifdef HAVE_NETINET_IN_H
| # include <netinet/in.h>
| #endif
| #ifdef HAVE_NETINET_TCP_H
| # include <netinet/tcp.h>
| #endif
| #ifdef HAVE_SYS_UN_H
| # include <sys/un.h>
| #endif
| #ifdef HAVE_ARPA_INET_H
| # include <arpa/inet.h>
| #endif
| #ifdef HAVE_NETDB_H
| #include <netdb.h>
| #endif
| #ifdef HAVE_NET_IF_H
| # include <net/if.h>
| #endif
| #ifdef HAVE_NETIOAPI_H
| # include <netioapi.h>
| #endif
| 
| int
| main ()
| {
| static struct sockaddr ac_aggr;
| if (ac_aggr.sa_len)
| return 0;
|   ;
|   return 0;
| }
configure:3899: C:\PROGRA~3\CHOCOL~1\lib\ghc\tools\GHC-81~1.2\lib\../mingw/bin\gcc.exe -c   conftest.c >&5
conftest.c: In function 'main':
conftest.c:121:19: error: 'struct sockaddr' has no member named 'sa_len'
  121 | if (sizeof ac_aggr.sa_len)
      |                   ^
configure:3899: $? = 1
configure: failed program was:
| /* confdefs.h */
| #define PACKAGE_NAME "Haskell network package"
| #define PACKAGE_TARNAME "network"
| #define PACKAGE_VERSION "3.1.1.0"
| #define PACKAGE_STRING "Haskell network package 3.1.1.0"
| #define PACKAGE_BUGREPORT "libraries@haskell.org"
| #define PACKAGE_URL ""
| #define STDC_HEADERS 1
| #define HAVE_SYS_TYPES_H 1
| #define HAVE_SYS_STAT_H 1
| #define HAVE_STDLIB_H 1
| #define HAVE_MEMORY_H 1
| #define HAVE_STRINGS_H 1
| #define HAVE_INTTYPES_H 1
| #define HAVE_STDINT_H 1
| #define HAVE_UNISTD_H 1
| #define HAVE_LIMITS_H 1
| #define HAVE_STDLIB_H 1
| #define HAVE_UNISTD_H 1
| #define HAVE_SYS_TYPES_H 1
| #define HAVE_FCNTL_H 1
| #define HAVE_NETIOAPI_H 1
| #define HAVE_DECL_AI_ADDRCONFIG 1
| #define HAVE_DECL_AI_ALL 1
| #define HAVE_DECL_AI_NUMERICSERV 1
| #define HAVE_DECL_AI_V4MAPPED 1
| #define HAVE_DECL_IPV6_V6ONLY 1
| #define HAVE_DECL_IPPROTO_IP 1
| #define HAVE_DECL_IPPROTO_TCP 1
| #define HAVE_DECL_IPPROTO_IPV6 1
| #define HAVE_DECL_SO_PEERCRED 0
| /* end confdefs.h.  */
| #define _GNU_SOURCE 1  /* for struct ucred on Linux */
| #include <stdio.h>
| #ifdef HAVE_SYS_TYPES_H
| # include <sys/types.h>
| #endif
| #ifdef HAVE_SYS_STAT_H
| # include <sys/stat.h>
| #endif
| #ifdef STDC_HEADERS
| # include <stdlib.h>
| # include <stddef.h>
| #else
| # ifdef HAVE_STDLIB_H
| #  include <stdlib.h>
| # endif
| #endif
| #ifdef HAVE_STRING_H
| # if !defined STDC_HEADERS && defined HAVE_MEMORY_H
| #  include <memory.h>
| # endif
| # include <string.h>
| #endif
| #ifdef HAVE_STRINGS_H
| # include <strings.h>
| #endif
| #ifdef HAVE_INTTYPES_H
| # include <inttypes.h>
| #endif
| #ifdef HAVE_STDINT_H
| # include <stdint.h>
| #endif
| #ifdef HAVE_UNISTD_H
| # include <unistd.h>
| #endif
| 
| #ifdef _WIN32
| # include <winsock2.h>
| # include <ws2tcpip.h>
| # define IPV6_V6ONLY 27
| #endif
| 
| #ifdef HAVE_LIMITS_H
| # include <limits.h>
| #endif
| #ifdef HAVE_STDLIB_H
| # include <stdlib.h>
| #endif
| #ifdef HAVE_UNISTD_H
| #include <unistd.h>
| #endif
| #ifdef HAVE_SYS_TYPES_H
| # include <sys/types.h>
| #endif
| #ifdef HAVE_FCNTL_H
| # include <fcntl.h>
| #endif
| #ifdef HAVE_SYS_UIO_H
| # include <sys/uio.h>
| #endif
| #ifdef HAVE_SYS_SOCKET_H
| # include <sys/socket.h>
| #endif
| #ifdef HAVE_NETINET_IN_H
| # include <netinet/in.h>
| #endif
| #ifdef HAVE_NETINET_TCP_H
| # include <netinet/tcp.h>
| #endif
| #ifdef HAVE_SYS_UN_H
| # include <sys/un.h>
| #endif
| #ifdef HAVE_ARPA_INET_H
| # include <arpa/inet.h>
| #endif
| #ifdef HAVE_NETDB_H
| #include <netdb.h>
| #endif
| #ifdef HAVE_NET_IF_H
| # include <net/if.h>
| #endif
| #ifdef HAVE_NETIOAPI_H
| # include <netioapi.h>
| #endif
| 
| int
| main ()
| {
| static struct sockaddr ac_aggr;
| if (sizeof ac_aggr.sa_len)
| return 0;
|   ;
|   return 0;
| }
configure:3899: result: no
configure:3910: creating ./network.buildinfo
configure:4028: creating ./config.status

## ---------------------- ##
## Running config.status. ##
## ---------------------- ##

This file was extended by Haskell network package config.status 3.1.1.0, which was
generated by GNU Autoconf 2.69.  Invocation command line was

  CONFIG_FILES    = 
  CONFIG_HEADERS  = 
  CONFIG_LINKS    = 
  CONFIG_COMMANDS = 
  $ ./config.status 

on DESKTOP-M0QPGCV

config.status:688: creating include/HsNetworkConfig.h
configure:4927: WARNING: unrecognized options: --with-compiler

## ---------------- ##
## Cache variables. ##
## ---------------- ##

ac_cv_build=x86_64-pc-msys
ac_cv_c_compiler_gnu=yes
ac_cv_c_const=yes
ac_cv_env_CC_set=set
ac_cv_env_CC_value='C:\PROGRA~3\CHOCOL~1\lib\ghc\tools\GHC-81~1.2\lib\../mingw/bin\gcc.exe'
ac_cv_env_CFLAGS_set=set
ac_cv_env_CFLAGS_value=
ac_cv_env_CPPFLAGS_set=
ac_cv_env_CPPFLAGS_value=
ac_cv_env_CPP_set=
ac_cv_env_CPP_value=
ac_cv_env_LDFLAGS_set=
ac_cv_env_LDFLAGS_value=
ac_cv_env_LIBS_set=
ac_cv_env_LIBS_value=
ac_cv_env_build_alias_set=
ac_cv_env_build_alias_value=
ac_cv_env_host_alias_set=
ac_cv_env_host_alias_value=
ac_cv_env_target_alias_set=
ac_cv_env_target_alias_value=
ac_cv_exeext=.exe
ac_cv_func_accept4=no
ac_cv_func_gai_strerror=no
ac_cv_func_gethostent=no
ac_cv_func_getpeereid=no
ac_cv_have_decl_AI_ADDRCONFIG=yes
ac_cv_have_decl_AI_ALL=yes
ac_cv_have_decl_AI_NUMERICSERV=yes
ac_cv_have_decl_AI_V4MAPPED=yes
ac_cv_have_decl_IPPROTO_IP=yes
ac_cv_have_decl_IPPROTO_IPV6=yes
ac_cv_have_decl_IPPROTO_TCP=yes
ac_cv_have_decl_IPV6_V6ONLY=yes
ac_cv_have_decl_SO_PEERCRED=no
ac_cv_header_arpa_inet_h=no
ac_cv_header_fcntl_h=yes
ac_cv_header_inttypes_h=yes
ac_cv_header_limits_h=yes
ac_cv_header_memory_h=yes
ac_cv_header_net_if_h=no
ac_cv_header_netdb_h=no
ac_cv_header_netinet_in_h=no
ac_cv_header_netinet_tcp_h=no
ac_cv_header_netioapi_h=yes
ac_cv_header_stdc=yes
ac_cv_header_stdint_h=yes
ac_cv_header_stdlib_h=yes
ac_cv_header_string_h=no
ac_cv_header_strings_h=yes
ac_cv_header_sys_socket_h=no
ac_cv_header_sys_stat_h=yes
ac_cv_header_sys_types_h=yes
ac_cv_header_sys_uio_h=no
ac_cv_header_sys_un_h=no
ac_cv_header_unistd_h=yes
ac_cv_host=x86_64-pc-msys
ac_cv_member_struct_msghdr_msg_accrights=no
ac_cv_member_struct_msghdr_msg_control=no
ac_cv_member_struct_sockaddr_sa_len=no
ac_cv_objext=o
ac_cv_path_EGREP='/usr/bin/grep -E'
ac_cv_path_GREP=/usr/bin/grep
ac_cv_prog_CPP='C:\PROGRA~3\CHOCOL~1\lib\ghc\tools\GHC-81~1.2\lib\../mingw/bin\gcc.exe -E'
ac_cv_prog_ac_ct_CC='C:\PROGRA~3\CHOCOL~1\lib\ghc\tools\GHC-81~1.2\lib\../mingw/bin\gcc.exe'
ac_cv_prog_cc_c89=
ac_cv_prog_cc_g=yes
ac_cv_type_struct_ucred=no

## ----------------- ##
## Output variables. ##
## ----------------- ##

CC='C:\PROGRA~3\CHOCOL~1\lib\ghc\tools\GHC-81~1.2\lib\../mingw/bin\gcc.exe'
CFLAGS=''
CPP='C:\PROGRA~3\CHOCOL~1\lib\ghc\tools\GHC-81~1.2\lib\../mingw/bin\gcc.exe -E'
CPPFLAGS=''
DEFS='-DHAVE_CONFIG_H'
ECHO_C=''
ECHO_N='-n'
ECHO_T=''
EGREP='/usr/bin/grep -E'
EXEEXT='.exe'
GREP='/usr/bin/grep'
LDFLAGS=''
LIBOBJS=''
LIBS=''
LTLIBOBJS=''
OBJEXT='o'
PACKAGE_BUGREPORT='libraries@haskell.org'
PACKAGE_NAME='Haskell network package'
PACKAGE_STRING='Haskell network package 3.1.1.0'
PACKAGE_TARNAME='network'
PACKAGE_URL=''
PACKAGE_VERSION='3.1.1.0'
PATH_SEPARATOR=':'
SHELL='/bin/sh'
ac_ct_CC='C:\PROGRA~3\CHOCOL~1\lib\ghc\tools\GHC-81~1.2\lib\../mingw/bin\gcc.exe'
bindir='C:\Users\User\AppData\Roaming\cabal\store\ghc-8.10.2\network-3.1.2.1-ed550801f756584d61c67c3b8908d4885a86220b\bin'
build='x86_64-pc-msys'
build_alias=''
build_cpu='x86_64'
build_os='msys'
build_vendor='pc'
datadir='C:\Users\User\AppData\Roaming\cabal\store\ghc-8.10.2\network-3.1.2.1-ed550801f756584d61c67c3b8908d4885a86220b\share'
datarootdir='${prefix}/share'
docdir='${datarootdir}/doc/${PACKAGE_TARNAME}'
dvidir='${docdir}'
exec_prefix='${prefix}'
host='x86_64-pc-msys'
host_alias=''
host_cpu='x86_64'
host_os='msys'
host_vendor='pc'
htmldir='${docdir}'
includedir='${prefix}/include'
infodir='${datarootdir}/info'
libdir='C:\Users\User\AppData\Roaming\cabal\store\ghc-8.10.2\network-3.1.2.1-ed550801f756584d61c67c3b8908d4885a86220b\lib'
libexecdir='C:\Users\User\AppData\Roaming\cabal\store\ghc-8.10.2\network-3.1.2.1-ed550801f756584d61c67c3b8908d4885a86220b\libexec'
localedir='${datarootdir}/locale'
localstatedir='${prefix}/var'
mandir='${datarootdir}/man'
oldincludedir='/usr/include'
pdfdir='${docdir}'
prefix='C:\Users\User\AppData\Roaming\cabal\store\ghc-8.10.2\network-3.1.2.1-ed550801f756584d61c67c3b8908d4885a86220b'
program_transform_name='s,x,x,'
psdir='${docdir}'
sbindir='${exec_prefix}/sbin'
sharedstatedir='${prefix}/com'
sysconfdir='C:\Users\User\AppData\Roaming\cabal\store\ghc-8.10.2\network-3.1.2.1-ed550801f756584d61c67c3b8908d4885a86220b\etc'
target_alias=''

## ----------- ##
## confdefs.h. ##
## ----------- ##

/* confdefs.h */
#define PACKAGE_NAME "Haskell network package"
#define PACKAGE_TARNAME "network"
#define PACKAGE_VERSION "3.1.1.0"
#define PACKAGE_STRING "Haskell network package 3.1.1.0"
#define PACKAGE_BUGREPORT "libraries@haskell.org"
#define PACKAGE_URL ""
#define STDC_HEADERS 1
#define HAVE_SYS_TYPES_H 1
#define HAVE_SYS_STAT_H 1
#define HAVE_STDLIB_H 1
#define HAVE_MEMORY_H 1
#define HAVE_STRINGS_H 1
#define HAVE_INTTYPES_H 1
#define HAVE_STDINT_H 1
#define HAVE_UNISTD_H 1
#define HAVE_LIMITS_H 1
#define HAVE_STDLIB_H 1
#define HAVE_UNISTD_H 1
#define HAVE_SYS_TYPES_H 1
#define HAVE_FCNTL_H 1
#define HAVE_NETIOAPI_H 1
#define HAVE_DECL_AI_ADDRCONFIG 1
#define HAVE_DECL_AI_ALL 1
#define HAVE_DECL_AI_NUMERICSERV 1
#define HAVE_DECL_AI_V4MAPPED 1
#define HAVE_DECL_IPV6_V6ONLY 1
#define HAVE_DECL_IPPROTO_IP 1
#define HAVE_DECL_IPPROTO_TCP 1
#define HAVE_DECL_IPPROTO_IPV6 1
#define HAVE_DECL_SO_PEERCRED 0

configure: exit 0
